#
# A fatal error has been detected by the Java Runtime Environment:
#
#  EXCEPTION_ACCESS_VIOLATION (0xc0000005) at pc=0x00007ffc2a557d40, pid=4892, tid=34996
#
# JRE version: Java(TM) SE Runtime Environment 18.9 (11.0.12+8) (build 11.0.12+8-LTS-237)
# Java VM: Java HotSpot(TM) 64-Bit Server VM 18.9 (11.0.12+8-LTS-237, mixed mode, tiered, compressed oops, g1 gc, windows-amd64)
# Problematic frame:
# C  [jfxwebkit.dll+0x957d40]
#
# No core dump will be written. Minidumps are not enabled by default on client versions of Windows
#
# If you would like to submit a bug report, please visit:
#   https://bugreport.java.com/bugreport/crash.jsp
# The crash happened outside the Java Virtual Machine in native code.
# See problematic frame for where to report the bug.
#

---------------  S U M M A R Y ------------

Command Line: climods.jar

Host: Intel(R) Core(TM) i7-10510U CPU @ 1.80GHz, 8 cores, 15G,  Windows 10 , 64 bit Build 22621 (10.0.22621.608)
Time: Fri Oct 28 16:25:28 2022 Malay Peninsula Standard Time elapsed time: 40.050752 seconds (0d 0h 0m 40s)

---------------  T H R E A D  ---------------

Current thread (0x0000022faa119000):  JavaThread "JavaFX Application Thread" [_thread_in_native, id=34996, stack(0x000000d24e000000,0x000000d24e100000)]

Stack: [0x000000d24e000000,0x000000d24e100000],  sp=0x000000d24e0fb0c8,  free space=1004k
Native frames: (J=compiled Java code, j=interpreted, Vv=VM code, C=native code)
C  [jfxwebkit.dll+0x957d40]

Java frames: (J=compiled Java code, j=interpreted, Vv=VM code)
j  com.sun.webkit.network.URLLoader.twkWillSendRequest(Ljava/lang/String;Ljava/lang/String;ILjava/lang/String;Ljava/lang/String;JLjava/lang/String;Ljava/lang/String;J)Z+0
j  com.sun.webkit.network.URLLoader.notifyWillSendRequest(Ljava/lang/String;Ljava/lang/String;ILjava/lang/String;Ljava/lang/String;JLjava/lang/String;Ljava/lang/String;)Z+104
j  com.sun.webkit.network.URLLoader.lambda$willSendRequest$2(Ljava/lang/String;Ljava/lang/String;ILjava/lang/String;Ljava/lang/String;JLjava/lang/String;Ljava/lang/String;Ljava/util/concurrent/CountDownLatch;)V+21
j  com.sun.webkit.network.URLLoader$$Lambda$1018.run()V+40
J 6298 c1 com.sun.javafx.application.PlatformImpl$$Lambda$60.run()Ljava/lang/Object; (8 bytes) @ 0x0000022f8e310804 [0x0000022f8e3106c0+0x0000000000000144]
v  ~StubRoutines::call_stub
J 5248  java.security.AccessController.doPrivileged(Ljava/security/PrivilegedAction;Ljava/security/AccessControlContext;)Ljava/lang/Object; java.base@11.0.12 (0 bytes) @ 0x0000022f94d75436 [0x0000022f94d753c0+0x0000000000000076]
J 5774 c1 com.sun.javafx.application.PlatformImpl.lambda$runLater$11(Ljava/lang/Runnable;Ljava/security/AccessControlContext;)V (38 bytes) @ 0x0000022f8e197244 [0x0000022f8e196e40+0x0000000000000404]
J 5773 c1 com.sun.javafx.application.PlatformImpl$$Lambda$59.run()V (12 bytes) @ 0x0000022f8e196ac4 [0x0000022f8e196a40+0x0000000000000084]
J 5488 c1 com.sun.glass.ui.InvokeLaterDispatcher$Future.run()V (91 bytes) @ 0x0000022f8e0fbf94 [0x0000022f8e0fbe80+0x0000000000000114]
v  ~StubRoutines::call_stub
j  com.sun.glass.ui.win.WinApplication._runLoop(Ljava/lang/Runnable;)V+0
j  com.sun.glass.ui.win.WinApplication.lambda$runLoop$3(ILjava/lang/Runnable;)V+8
j  com.sun.glass.ui.win.WinApplication$$Lambda$48.run()V+12
j  java.lang.Thread.run()V+11 java.base@11.0.12
v  ~StubRoutines::call_stub

siginfo: EXCEPTION_ACCESS_VIOLATION (0xc0000005), reading address 0x00000000000000c8


Register to memory mapping:

RIP=0x00007ffc2a557d40 jfxwebkit.dll
RAX=0x000000d24e0fc1f0 is pointing into the stack for thread: 0x0000022faa119000
RBX=0x0 is NULL
RCX=0x0 is NULL
RDX=0x000000d24e0fc1f0 is pointing into the stack for thread: 0x0000022faa119000
RSP=0x000000d24e0fb0c8 is pointing into the stack for thread: 0x0000022faa119000
RBP=0x000000d24e0fb1d0 is pointing into the stack for thread: 0x0000022faa119000
RSI=0x0 is NULL
RDI=0x0 is NULL
R8 =0x0000000000000001 is an unknown value
R9 =0x000000d24e0fb310 is pointing into the stack for thread: 0x0000022faa119000
R10=64 is a compressed pointer to class: 0x0000000800000040
R11=0x0000068000400000 is an unknown value
R12=0x000000d24e0fb310 is pointing into the stack for thread: 0x0000022faa119000
R13=0x0000022fb226c360 points into unknown readable memory: 0x0000000000000000 | 00 00 00 00 00 00 00 00
R14=0x0000022fb42565b0 points into unknown readable memory: 0x00007ffc2b7d98f8 | f8 98 7d 2b fc 7f 00 00
R15=0x000000d24e0fc1f0 is pointing into the stack for thread: 0x0000022faa119000


Registers:
RAX=0x000000d24e0fc1f0, RBX=0x0000000000000000, RCX=0x0000000000000000, RDX=0x000000d24e0fc1f0
RSP=0x000000d24e0fb0c8, RBP=0x000000d24e0fb1d0, RSI=0x0000000000000000, RDI=0x0000000000000000
R8 =0x0000000000000001, R9 =0x000000d24e0fb310, R10=0x0000000000000040, R11=0x0000068000400000
R12=0x000000d24e0fb310, R13=0x0000022fb226c360, R14=0x0000022fb42565b0, R15=0x000000d24e0fc1f0
RIP=0x00007ffc2a557d40, EFLAGS=0x0000000000010202

Top of Stack: (sp=0x000000d24e0fb0c8)
0x000000d24e0fb0c8:   00007ffc2a4f5d06 0000022f830302b4
0x000000d24e0fb0d8:   0000000000000050 0000022f83030d80
0x000000d24e0fb0e8:   00007ffcf5b0d83a 0000000000180014
0x000000d24e0fb0f8:   0000000000000048 0000000000000100
0x000000d24e0fb108:   0000000000000050 0000000000000000
0x000000d24e0fb118:   0000000000000005 0000000000000000
0x000000d24e0fb128:   000000d24e0fb1d9 0000022f831e0000
0x000000d24e0fb138:   00007ffcf5b0ce4a 0000022f83030000
0x000000d24e0fb148:   0000000000000004 0000000000000048
0x000000d24e0fb158:   0000000000000000 0000022f83030d80
0x000000d24e0fb168:   0000000000000011 0000000000000002
0x000000d24e0fb178:   0000000000000008 0000000000000000
0x000000d24e0fb188:   0000000000000010 0000000000000000
0x000000d24e0fb198:   0000000000000000 0000000000000000
0x000000d24e0fb1a8:   000000d24e0fb259 0000022f831e0000
0x000000d24e0fb1b8:   00007ffcf5b0ce4a 0000022f83030000 

Instructions: (pc=0x00007ffc2a557d40)
0x00007ffc2a557d20:   8b c3 48 8b 5c 24 30 48 83 c4 20 5f c3 cc cc cc
0x00007ffc2a557d30:   cc cc cc cc cc cc cc cc cc cc cc cc cc cc cc cc
0x00007ffc2a557d40:   48 8b 81 c8 00 00 00 48 85 c0 74 1d 83 78 04 00
0x00007ffc2a557d50:   74 17 48 8b 01 45 0f b6 c0 48 8b 88 a8 00 00 00 


Stack slot to memory mapping:
stack at sp + 0 slots: 0x00007ffc2a4f5d06 jfxwebkit.dll
stack at sp + 1 slots: 0x0000022f830302b4 points into unknown readable memory: 05 00 04 01
stack at sp + 2 slots: 0x0000000000000050 is an unknown value
stack at sp + 3 slots: 0x0000022f83030d80 points into unknown readable memory: 0x00000000013e0007 | 07 00 3e 01 00 00 00 00
stack at sp + 4 slots: 0x00007ffcf5b0d83a ntdll.dll
stack at sp + 5 slots: 0x0000000000180014 is an unknown value
stack at sp + 6 slots: 0x0000000000000048 is an unknown value
stack at sp + 7 slots: 0x0000000000000100 is an unknown value


---------------  P R O C E S S  ---------------

Threads class SMR info:
_java_thread_list=0x0000022fb253dcb0, length=26, elements={
0x0000022f83343800, 0x0000022fa8c32800, 0x0000022fa8c34800, 0x0000022fa953f800,
0x0000022fa9542800, 0x0000022fa9543800, 0x0000022fa9544800, 0x0000022fa9545800,
0x0000022fa954f000, 0x0000022fa96e7000, 0x0000022fa975f800, 0x0000022fa9bef800,
0x0000022fa9c87800, 0x0000022faa119000, 0x0000022fa9b5f000, 0x0000022faab2e800,
0x0000022faaced000, 0x0000022faaed1000, 0x0000022fb3d91800, 0x0000022fb2cc2800,
0x0000022fb2cc4800, 0x0000022fb2cc9000, 0x0000022fb2cca800, 0x0000022fb2cc8000,
0x0000022fb2cc9800, 0x0000022fb2ccb800
}

Java Threads: ( => current thread )
  0x0000022f83343800 JavaThread "main" [_thread_blocked, id=29408, stack(0x000000d24cb00000,0x000000d24cc00000)]
  0x0000022fa8c32800 JavaThread "Reference Handler" daemon [_thread_blocked, id=25232, stack(0x000000d24d200000,0x000000d24d300000)]
  0x0000022fa8c34800 JavaThread "Finalizer" daemon [_thread_blocked, id=28088, stack(0x000000d24d300000,0x000000d24d400000)]
  0x0000022fa953f800 JavaThread "Signal Dispatcher" daemon [_thread_blocked, id=32988, stack(0x000000d24d400000,0x000000d24d500000)]
  0x0000022fa9542800 JavaThread "Attach Listener" daemon [_thread_blocked, id=13200, stack(0x000000d24d500000,0x000000d24d600000)]
  0x0000022fa9543800 JavaThread "Service Thread" daemon [_thread_blocked, id=39600, stack(0x000000d24d600000,0x000000d24d700000)]
  0x0000022fa9544800 JavaThread "C2 CompilerThread0" daemon [_thread_in_native, id=37444, stack(0x000000d24d700000,0x000000d24d800000)]
  0x0000022fa9545800 JavaThread "C1 CompilerThread0" daemon [_thread_blocked, id=12940, stack(0x000000d24d800000,0x000000d24d900000)]
  0x0000022fa954f000 JavaThread "Sweeper thread" daemon [_thread_blocked, id=7976, stack(0x000000d24d900000,0x000000d24da00000)]
  0x0000022fa96e7000 JavaThread "Common-Cleaner" daemon [_thread_blocked, id=22864, stack(0x000000d24db00000,0x000000d24dc00000)]
  0x0000022fa975f800 JavaThread "JavaFX-Launcher" [_thread_blocked, id=22280, stack(0x000000d24dd00000,0x000000d24de00000)]
  0x0000022fa9bef800 JavaThread "QuantumRenderer-0" daemon [_thread_blocked, id=12264, stack(0x000000d24de00000,0x000000d24df00000)]
  0x0000022fa9c87800 JavaThread "InvokeLaterDispatcher" daemon [_thread_blocked, id=20384, stack(0x000000d24df00000,0x000000d24e000000)]
=>0x0000022faa119000 JavaThread "JavaFX Application Thread" [_thread_in_native, id=34996, stack(0x000000d24e000000,0x000000d24e100000)]
  0x0000022fa9b5f000 JavaThread "Thread-2" daemon [_thread_in_native, id=28428, stack(0x000000d24e400000,0x000000d24e500000)]
  0x0000022faab2e800 JavaThread "HttpClient-1-SelectorManager" daemon [_thread_in_native, id=15640, stack(0x000000d24e900000,0x000000d24ea00000)]
  0x0000022faaced000 JavaThread "HttpClient-1-Worker-0" daemon [_thread_blocked, id=22692, stack(0x000000d24ee00000,0x000000d24ef00000)]
  0x0000022faaed1000 JavaThread "HttpClient-1-Worker-1" daemon [_thread_blocked, id=20540, stack(0x000000d24ef00000,0x000000d24f000000)]
  0x0000022fb3d91800 JavaThread "Prism Font Disposer" daemon [_thread_blocked, id=16284, stack(0x000000d24ea00000,0x000000d24eb00000)]
  0x0000022fb2cc2800 JavaThread "Disposer" daemon [_thread_blocked, id=37508, stack(0x000000d24ec00000,0x000000d24ed00000)]
  0x0000022fb2cc4800 JavaThread "Cleaner-0" daemon [_thread_blocked, id=34920, stack(0x000000d24f500000,0x000000d24f600000)]
  0x0000022fb2cc9000 JavaThread "URL-Loader-16" daemon [_thread_blocked, id=25912, stack(0x000000d24f000000,0x000000d24f100000)]
  0x0000022fb2cca800 JavaThread "Keep-Alive-Timer" daemon [_thread_blocked, id=33624, stack(0x000000d24f600000,0x000000d24f700000)]
  0x0000022fb2cc8000 JavaThread "URL-Loader-17" daemon [_thread_blocked, id=7552, stack(0x000000d24f400000,0x000000d24f500000)]
  0x0000022fb2cc9800 JavaThread "URL-Loader-18" daemon [_thread_blocked, id=26036, stack(0x000000d24fe00000,0x000000d24ff00000)]
  0x0000022fb2ccb800 JavaThread "URL-Loader-19" daemon [_thread_blocked, id=9080, stack(0x000000d24ff00000,0x000000d250000000)]

Other Threads:
  0x0000022fa8c5d000 VMThread "VM Thread" [stack: 0x000000d24d100000,0x000000d24d200000] [id=31308]
  0x0000022fa96e2000 WatcherThread [stack: 0x000000d24da00000,0x000000d24db00000] [id=32336]
  0x0000022f83359000 GCTaskThread "GC Thread#0" [stack: 0x000000d24cc00000,0x000000d24cd00000] [id=27708]
  0x0000022faa8f7000 GCTaskThread "GC Thread#1" [stack: 0x000000d24dc00000,0x000000d24dd00000] [id=9332]
  0x0000022faa8f7800 GCTaskThread "GC Thread#2" [stack: 0x000000d24e500000,0x000000d24e600000] [id=39156]
  0x0000022faa7f0800 GCTaskThread "GC Thread#3" [stack: 0x000000d24e600000,0x000000d24e700000] [id=16888]
  0x0000022fa9e86000 GCTaskThread "GC Thread#4" [stack: 0x000000d24e700000,0x000000d24e800000] [id=11308]
  0x0000022fa9e86800 GCTaskThread "GC Thread#5" [stack: 0x000000d24e800000,0x000000d24e900000] [id=33756]
  0x0000022fb0a3f800 GCTaskThread "GC Thread#6" [stack: 0x000000d250500000,0x000000d250600000] [id=38208]
  0x0000022f833b6000 ConcurrentGCThread "G1 Main Marker" [stack: 0x000000d24cd00000,0x000000d24ce00000] [id=33796]
  0x0000022f833b8800 ConcurrentGCThread "G1 Conc#0" [stack: 0x000000d24ce00000,0x000000d24cf00000] [id=24212]
  0x0000022faaaf0800 ConcurrentGCThread "G1 Conc#1" [stack: 0x000000d24eb00000,0x000000d24ec00000] [id=29444]
  0x0000022fa8b1e800 ConcurrentGCThread "G1 Refine#0" [stack: 0x000000d24cf00000,0x000000d24d000000] [id=32804]
  0x0000022fa8b21800 ConcurrentGCThread "G1 Young RemSet Sampling" [stack: 0x000000d24d000000,0x000000d24d100000] [id=12568]

Threads with active compile tasks:
C2 CompilerThread0  40132 8239   !   4       com.sun.javafx.css.StyleManager::findMatchingStyles (1268 bytes)

VM state:not at safepoint (normal execution)

VM Mutex/Monitor currently owned by a thread: None

Heap address: 0x0000000703200000, size: 4046 MB, Compressed Oops mode: Zero based, Oop shift amount: 3
Narrow klass base: 0x0000000800000000, Narrow klass shift: 0
Compressed class space size: 1073741824 Address: 0x0000000800000000

Heap:
 garbage-first heap   total 312320K, used 166912K [0x0000000703200000, 0x0000000800000000)
  region size 1024K, 41 young (41984K), 8 survivors (8192K)
 Metaspace       used 48696K, capacity 50758K, committed 51100K, reserved 1093632K
  class space    used 6018K, capacity 6881K, committed 6988K, reserved 1048576K
Heap Regions: E=young(eden), S=young(survivor), O=old, HS=humongous(starts), HC=humongous(continues), CS=collection set, F=free, A=archive, TAMS=top-at-mark-start (previous, next)
|   0|0x0000000703200000, 0x0000000703300000, 0x0000000703300000|100%| O|  |TAMS 0x0000000703300000, 0x0000000703200000| Untracked 
|   1|0x0000000703300000, 0x0000000703400000, 0x0000000703400000|100%|HS|  |TAMS 0x0000000703400000, 0x0000000703300000| Complete 
|   2|0x0000000703400000, 0x0000000703500000, 0x0000000703500000|100%| O|  |TAMS 0x0000000703500000, 0x0000000703400000| Untracked 
|   3|0x0000000703500000, 0x0000000703600000, 0x0000000703600000|100%| O|  |TAMS 0x0000000703600000, 0x0000000703500000| Untracked 
|   4|0x0000000703600000, 0x0000000703700000, 0x0000000703700000|100%| O|  |TAMS 0x0000000703700000, 0x0000000703600000| Untracked 
|   5|0x0000000703700000, 0x0000000703800000, 0x0000000703800000|100%| O|  |TAMS 0x0000000703800000, 0x0000000703700000| Untracked 
|   6|0x0000000703800000, 0x0000000703900000, 0x0000000703900000|100%| O|  |TAMS 0x0000000703900000, 0x0000000703800000| Untracked 
|   7|0x0000000703900000, 0x0000000703a00000, 0x0000000703a00000|100%| O|  |TAMS 0x0000000703a00000, 0x0000000703900000| Untracked 
|   8|0x0000000703a00000, 0x0000000703b00000, 0x0000000703b00000|100%| O|  |TAMS 0x0000000703b00000, 0x0000000703a00000| Untracked 
|   9|0x0000000703b00000, 0x0000000703c00000, 0x0000000703c00000|100%| O|  |TAMS 0x0000000703c00000, 0x0000000703b00000| Untracked 
|  10|0x0000000703c00000, 0x0000000703d00000, 0x0000000703d00000|100%| O|  |TAMS 0x0000000703d00000, 0x0000000703c00000| Untracked 
|  11|0x0000000703d00000, 0x0000000703e00000, 0x0000000703e00000|100%| O|  |TAMS 0x0000000703e00000, 0x0000000703d00000| Untracked 
|  12|0x0000000703e00000, 0x0000000703f00000, 0x0000000703f00000|100%| O|  |TAMS 0x0000000703f00000, 0x0000000703e00000| Untracked 
|  13|0x0000000703f00000, 0x0000000704000000, 0x0000000704000000|100%| O|  |TAMS 0x0000000704000000, 0x0000000703f00000| Untracked 
|  14|0x0000000704000000, 0x0000000704100000, 0x0000000704100000|100%| O|  |TAMS 0x0000000704100000, 0x0000000704000000| Untracked 
|  15|0x0000000704100000, 0x0000000704200000, 0x0000000704200000|100%| O|  |TAMS 0x0000000704200000, 0x0000000704100000| Untracked 
|  16|0x0000000704200000, 0x0000000704300000, 0x0000000704300000|100%| O|  |TAMS 0x0000000704300000, 0x0000000704200000| Untracked 
|  17|0x0000000704300000, 0x0000000704400000, 0x0000000704400000|100%| O|  |TAMS 0x0000000704400000, 0x0000000704300000| Untracked 
|  18|0x0000000704400000, 0x0000000704500000, 0x0000000704500000|100%| O|  |TAMS 0x0000000704500000, 0x0000000704400000| Untracked 
|  19|0x0000000704500000, 0x0000000704600000, 0x0000000704600000|100%| O|  |TAMS 0x0000000704600000, 0x0000000704500000| Untracked 
|  20|0x0000000704600000, 0x0000000704700000, 0x0000000704700000|100%|HS|  |TAMS 0x0000000704700000, 0x0000000704600000| Complete 
|  21|0x0000000704700000, 0x0000000704800000, 0x0000000704800000|100%|HS|  |TAMS 0x0000000704700000, 0x0000000704700000| Complete 
|  22|0x0000000704800000, 0x0000000704900000, 0x0000000704900000|100%|HS|  |TAMS 0x0000000704800000, 0x0000000704800000| Complete 
|  23|0x0000000704900000, 0x0000000704a00000, 0x0000000704a00000|100%|HC|  |TAMS 0x0000000704900000, 0x0000000704900000| Complete 
|  24|0x0000000704a00000, 0x0000000704b00000, 0x0000000704b00000|100%|HS|  |TAMS 0x0000000704a00000, 0x0000000704a00000| Complete 
|  25|0x0000000704b00000, 0x0000000704c00000, 0x0000000704c00000|100%|HS|  |TAMS 0x0000000704c00000, 0x0000000704b00000| Complete 
|  26|0x0000000704c00000, 0x0000000704d00000, 0x0000000704d00000|100%|HC|  |TAMS 0x0000000704d00000, 0x0000000704c00000| Complete 
|  27|0x0000000704d00000, 0x0000000704e00000, 0x0000000704e00000|100%|HS|  |TAMS 0x0000000704d00000, 0x0000000704d00000| Complete 
|  28|0x0000000704e00000, 0x0000000704f00000, 0x0000000704f00000|100%|HC|  |TAMS 0x0000000704e00000, 0x0000000704e00000| Complete 
|  29|0x0000000704f00000, 0x0000000705000000, 0x0000000705000000|100%|HS|  |TAMS 0x0000000704f00000, 0x0000000704f00000| Complete 
|  30|0x0000000705000000, 0x0000000705100000, 0x0000000705100000|100%|HC|  |TAMS 0x0000000705000000, 0x0000000705000000| Complete 
|  31|0x0000000705100000, 0x0000000705200000, 0x0000000705200000|100%|HC|  |TAMS 0x0000000705100000, 0x0000000705100000| Complete 
|  32|0x0000000705200000, 0x0000000705300000, 0x0000000705300000|100%|HC|  |TAMS 0x0000000705200000, 0x0000000705200000| Complete 
|  33|0x0000000705300000, 0x0000000705400000, 0x0000000705400000|100%|HC|  |TAMS 0x0000000705300000, 0x0000000705300000| Complete 
|  34|0x0000000705400000, 0x0000000705500000, 0x0000000705500000|100%|HC|  |TAMS 0x0000000705400000, 0x0000000705400000| Complete 
|  35|0x0000000705500000, 0x0000000705600000, 0x0000000705600000|100%|HC|  |TAMS 0x0000000705500000, 0x0000000705500000| Complete 
|  36|0x0000000705600000, 0x0000000705700000, 0x0000000705700000|100%|HC|  |TAMS 0x0000000705600000, 0x0000000705600000| Complete 
|  37|0x0000000705700000, 0x0000000705800000, 0x0000000705800000|100%|HC|  |TAMS 0x0000000705700000, 0x0000000705700000| Complete 
|  38|0x0000000705800000, 0x0000000705900000, 0x0000000705900000|100%|HC|  |TAMS 0x0000000705800000, 0x0000000705800000| Complete 
|  39|0x0000000705900000, 0x0000000705a00000, 0x0000000705a00000|100%|HC|  |TAMS 0x0000000705900000, 0x0000000705900000| Complete 
|  40|0x0000000705a00000, 0x0000000705b00000, 0x0000000705b00000|100%|HC|  |TAMS 0x0000000705a00000, 0x0000000705a00000| Complete 
|  41|0x0000000705b00000, 0x0000000705c00000, 0x0000000705c00000|100%|HC|  |TAMS 0x0000000705b00000, 0x0000000705b00000| Complete 
|  42|0x0000000705c00000, 0x0000000705d00000, 0x0000000705d00000|100%|HC|  |TAMS 0x0000000705c00000, 0x0000000705c00000| Complete 
|  43|0x0000000705d00000, 0x0000000705e00000, 0x0000000705e00000|100%|HC|  |TAMS 0x0000000705d00000, 0x0000000705d00000| Complete 
|  44|0x0000000705e00000, 0x0000000705f00000, 0x0000000705f00000|100%|HC|  |TAMS 0x0000000705e00000, 0x0000000705e00000| Complete 
|  45|0x0000000705f00000, 0x0000000706000000, 0x0000000706000000|100%|HC|  |TAMS 0x0000000705f00000, 0x0000000705f00000| Complete 
|  46|0x0000000706000000, 0x0000000706100000, 0x0000000706100000|100%|HC|  |TAMS 0x0000000706000000, 0x0000000706000000| Complete 
|  47|0x0000000706100000, 0x0000000706200000, 0x0000000706200000|100%|HC|  |TAMS 0x0000000706100000, 0x0000000706100000| Complete 
|  48|0x0000000706200000, 0x0000000706300000, 0x0000000706300000|100%|HC|  |TAMS 0x0000000706200000, 0x0000000706200000| Complete 
|  49|0x0000000706300000, 0x0000000706400000, 0x0000000706400000|100%|HC|  |TAMS 0x0000000706300000, 0x0000000706300000| Complete 
|  50|0x0000000706400000, 0x0000000706500000, 0x0000000706500000|100%|HC|  |TAMS 0x0000000706400000, 0x0000000706400000| Complete 
|  51|0x0000000706500000, 0x0000000706600000, 0x0000000706600000|100%|HC|  |TAMS 0x0000000706500000, 0x0000000706500000| Complete 
|  52|0x0000000706600000, 0x0000000706700000, 0x0000000706700000|100%|HC|  |TAMS 0x0000000706600000, 0x0000000706600000| Complete 
|  53|0x0000000706700000, 0x0000000706800000, 0x0000000706800000|100%|HC|  |TAMS 0x0000000706700000, 0x0000000706700000| Complete 
|  54|0x0000000706800000, 0x0000000706900000, 0x0000000706900000|100%|HC|  |TAMS 0x0000000706800000, 0x0000000706800000| Complete 
|  55|0x0000000706900000, 0x0000000706a00000, 0x0000000706a00000|100%|HC|  |TAMS 0x0000000706900000, 0x0000000706900000| Complete 
|  56|0x0000000706a00000, 0x0000000706b00000, 0x0000000706b00000|100%|HC|  |TAMS 0x0000000706a00000, 0x0000000706a00000| Complete 
|  57|0x0000000706b00000, 0x0000000706c00000, 0x0000000706c00000|100%|HC|  |TAMS 0x0000000706b00000, 0x0000000706b00000| Complete 
|  58|0x0000000706c00000, 0x0000000706d00000, 0x0000000706d00000|100%|HC|  |TAMS 0x0000000706c00000, 0x0000000706c00000| Complete 
|  59|0x0000000706d00000, 0x0000000706e00000, 0x0000000706e00000|100%|HC|  |TAMS 0x0000000706d00000, 0x0000000706d00000| Complete 
|  60|0x0000000706e00000, 0x0000000706f00000, 0x0000000706f00000|100%|HC|  |TAMS 0x0000000706e00000, 0x0000000706e00000| Complete 
|  61|0x0000000706f00000, 0x0000000707000000, 0x0000000707000000|100%|HC|  |TAMS 0x0000000706f00000, 0x0000000706f00000| Complete 
|  62|0x0000000707000000, 0x0000000707100000, 0x0000000707100000|100%|HC|  |TAMS 0x0000000707000000, 0x0000000707000000| Complete 
|  63|0x0000000707100000, 0x0000000707200000, 0x0000000707200000|100%|HC|  |TAMS 0x0000000707100000, 0x0000000707100000| Complete 
|  64|0x0000000707200000, 0x0000000707300000, 0x0000000707300000|100%|HC|  |TAMS 0x0000000707200000, 0x0000000707200000| Complete 
|  65|0x0000000707300000, 0x0000000707400000, 0x0000000707400000|100%|HC|  |TAMS 0x0000000707300000, 0x0000000707300000| Complete 
|  66|0x0000000707400000, 0x0000000707500000, 0x0000000707500000|100%|HC|  |TAMS 0x0000000707400000, 0x0000000707400000| Complete 
|  67|0x0000000707500000, 0x0000000707600000, 0x0000000707600000|100%|HC|  |TAMS 0x0000000707500000, 0x0000000707500000| Complete 
|  68|0x0000000707600000, 0x0000000707700000, 0x0000000707700000|100%|HC|  |TAMS 0x0000000707600000, 0x0000000707600000| Complete 
|  69|0x0000000707700000, 0x0000000707800000, 0x0000000707800000|100%|HS|  |TAMS 0x0000000707700000, 0x0000000707700000| Complete 
|  70|0x0000000707800000, 0x0000000707900000, 0x0000000707900000|100%|HC|  |TAMS 0x0000000707800000, 0x0000000707800000| Complete 
|  71|0x0000000707900000, 0x0000000707a00000, 0x0000000707a00000|100%|HC|  |TAMS 0x0000000707900000, 0x0000000707900000| Complete 
|  72|0x0000000707a00000, 0x0000000707b00000, 0x0000000707b00000|100%|HC|  |TAMS 0x0000000707a00000, 0x0000000707a00000| Complete 
|  73|0x0000000707b00000, 0x0000000707c00000, 0x0000000707c00000|100%|HC|  |TAMS 0x0000000707b00000, 0x0000000707b00000| Complete 
|  74|0x0000000707c00000, 0x0000000707d00000, 0x0000000707d00000|100%|HC|  |TAMS 0x0000000707c00000, 0x0000000707c00000| Complete 
|  75|0x0000000707d00000, 0x0000000707e00000, 0x0000000707e00000|100%|HC|  |TAMS 0x0000000707d00000, 0x0000000707d00000| Complete 
|  76|0x0000000707e00000, 0x0000000707f00000, 0x0000000707f00000|100%|HC|  |TAMS 0x0000000707e00000, 0x0000000707e00000| Complete 
|  77|0x0000000707f00000, 0x0000000708000000, 0x0000000708000000|100%|HC|  |TAMS 0x0000000707f00000, 0x0000000707f00000| Complete 
|  78|0x0000000708000000, 0x0000000708100000, 0x0000000708100000|100%|HC|  |TAMS 0x0000000708000000, 0x0000000708000000| Complete 
|  79|0x0000000708100000, 0x0000000708200000, 0x0000000708200000|100%|HC|  |TAMS 0x0000000708100000, 0x0000000708100000| Complete 
|  80|0x0000000708200000, 0x0000000708300000, 0x0000000708300000|100%|HC|  |TAMS 0x0000000708200000, 0x0000000708200000| Complete 
|  81|0x0000000708300000, 0x0000000708400000, 0x0000000708400000|100%|HC|  |TAMS 0x0000000708300000, 0x0000000708300000| Complete 
|  82|0x0000000708400000, 0x0000000708500000, 0x0000000708500000|100%|HC|  |TAMS 0x0000000708400000, 0x0000000708400000| Complete 
|  83|0x0000000708500000, 0x0000000708600000, 0x0000000708600000|100%|HC|  |TAMS 0x0000000708500000, 0x0000000708500000| Complete 
|  84|0x0000000708600000, 0x0000000708700000, 0x0000000708700000|100%|HC|  |TAMS 0x0000000708600000, 0x0000000708600000| Complete 
|  85|0x0000000708700000, 0x0000000708800000, 0x0000000708800000|100%|HC|  |TAMS 0x0000000708700000, 0x0000000708700000| Complete 
|  86|0x0000000708800000, 0x0000000708900000, 0x0000000708900000|100%|HC|  |TAMS 0x0000000708800000, 0x0000000708800000| Complete 
|  87|0x0000000708900000, 0x0000000708a00000, 0x0000000708a00000|100%|HC|  |TAMS 0x0000000708900000, 0x0000000708900000| Complete 
|  88|0x0000000708a00000, 0x0000000708b00000, 0x0000000708b00000|100%|HC|  |TAMS 0x0000000708a00000, 0x0000000708a00000| Complete 
|  89|0x0000000708b00000, 0x0000000708c00000, 0x0000000708c00000|100%|HC|  |TAMS 0x0000000708b00000, 0x0000000708b00000| Complete 
|  90|0x0000000708c00000, 0x0000000708d00000, 0x0000000708d00000|100%|HC|  |TAMS 0x0000000708c00000, 0x0000000708c00000| Complete 
|  91|0x0000000708d00000, 0x0000000708e00000, 0x0000000708e00000|100%|HC|  |TAMS 0x0000000708d00000, 0x0000000708d00000| Complete 
|  92|0x0000000708e00000, 0x0000000708f00000, 0x0000000708f00000|100%|HC|  |TAMS 0x0000000708e00000, 0x0000000708e00000| Complete 
|  93|0x0000000708f00000, 0x0000000709000000, 0x0000000709000000|100%|HC|  |TAMS 0x0000000708f00000, 0x0000000708f00000| Complete 
|  94|0x0000000709000000, 0x0000000709100000, 0x0000000709100000|100%|HC|  |TAMS 0x0000000709000000, 0x0000000709000000| Complete 
|  95|0x0000000709100000, 0x0000000709200000, 0x0000000709200000|100%|HC|  |TAMS 0x0000000709100000, 0x0000000709100000| Complete 
|  96|0x0000000709200000, 0x0000000709300000, 0x0000000709300000|100%|HC|  |TAMS 0x0000000709200000, 0x0000000709200000| Complete 
|  97|0x0000000709300000, 0x0000000709400000, 0x0000000709400000|100%|HC|  |TAMS 0x0000000709300000, 0x0000000709300000| Complete 
|  98|0x0000000709400000, 0x0000000709500000, 0x0000000709500000|100%|HC|  |TAMS 0x0000000709400000, 0x0000000709400000| Complete 
|  99|0x0000000709500000, 0x0000000709600000, 0x0000000709600000|100%|HC|  |TAMS 0x0000000709500000, 0x0000000709500000| Complete 
| 100|0x0000000709600000, 0x0000000709700000, 0x0000000709700000|100%|HC|  |TAMS 0x0000000709600000, 0x0000000709600000| Complete 
| 101|0x0000000709700000, 0x0000000709800000, 0x0000000709800000|100%|HC|  |TAMS 0x0000000709700000, 0x0000000709700000| Complete 
| 102|0x0000000709800000, 0x0000000709900000, 0x0000000709900000|100%|HC|  |TAMS 0x0000000709800000, 0x0000000709800000| Complete 
| 103|0x0000000709900000, 0x0000000709a00000, 0x0000000709a00000|100%|HC|  |TAMS 0x0000000709900000, 0x0000000709900000| Complete 
| 104|0x0000000709a00000, 0x0000000709b00000, 0x0000000709b00000|100%|HC|  |TAMS 0x0000000709a00000, 0x0000000709a00000| Complete 
| 105|0x0000000709b00000, 0x0000000709c00000, 0x0000000709c00000|100%|HC|  |TAMS 0x0000000709b00000, 0x0000000709b00000| Complete 
| 106|0x0000000709c00000, 0x0000000709d00000, 0x0000000709d00000|100%|HC|  |TAMS 0x0000000709c00000, 0x0000000709c00000| Complete 
| 107|0x0000000709d00000, 0x0000000709e00000, 0x0000000709e00000|100%|HC|  |TAMS 0x0000000709d00000, 0x0000000709d00000| Complete 
| 108|0x0000000709e00000, 0x0000000709f00000, 0x0000000709f00000|100%|HC|  |TAMS 0x0000000709e00000, 0x0000000709e00000| Complete 
| 109|0x0000000709f00000, 0x000000070a000000, 0x000000070a000000|100%|HS|  |TAMS 0x0000000709f00000, 0x0000000709f00000| Complete 
| 110|0x000000070a000000, 0x000000070a100000, 0x000000070a100000|100%|HC|  |TAMS 0x000000070a000000, 0x000000070a000000| Complete 
| 111|0x000000070a100000, 0x000000070a100000, 0x000000070a200000|  0%| F|  |TAMS 0x000000070a100000, 0x000000070a100000| Untracked 
| 112|0x000000070a200000, 0x000000070a300000, 0x000000070a300000|100%| O|  |TAMS 0x000000070a300000, 0x000000070a200000| Untracked 
| 113|0x000000070a300000, 0x000000070a400000, 0x000000070a400000|100%| O|  |TAMS 0x000000070a400000, 0x000000070a300000| Untracked 
| 114|0x000000070a400000, 0x000000070a500000, 0x000000070a500000|100%| O|  |TAMS 0x000000070a500000, 0x000000070a400000| Untracked 
| 115|0x000000070a500000, 0x000000070a600000, 0x000000070a600000|100%| O|  |TAMS 0x000000070a600000, 0x000000070a500000| Untracked 
| 116|0x000000070a600000, 0x000000070a700000, 0x000000070a700000|100%| O|  |TAMS 0x000000070a700000, 0x000000070a600000| Untracked 
| 117|0x000000070a700000, 0x000000070a800000, 0x000000070a800000|100%| O|  |TAMS 0x000000070a800000, 0x000000070a700000| Untracked 
| 118|0x000000070a800000, 0x000000070a900000, 0x000000070a900000|100%| O|  |TAMS 0x000000070a900000, 0x000000070a800000| Untracked 
| 119|0x000000070a900000, 0x000000070aa00000, 0x000000070aa00000|100%| O|  |TAMS 0x000000070aa00000, 0x000000070a900000| Untracked 
| 120|0x000000070aa00000, 0x000000070ab00000, 0x000000070ab00000|100%| O|  |TAMS 0x000000070ab00000, 0x000000070aa00000| Untracked 
| 121|0x000000070ab00000, 0x000000070ac00000, 0x000000070ac00000|100%| O|  |TAMS 0x000000070ac00000, 0x000000070ab00000| Untracked 
| 122|0x000000070ac00000, 0x000000070ad00000, 0x000000070ad00000|100%| O|  |TAMS 0x000000070ad00000, 0x000000070ac00000| Untracked 
| 123|0x000000070ad00000, 0x000000070ae00000, 0x000000070ae00000|100%|HS|  |TAMS 0x000000070ad00000, 0x000000070ad00000| Complete 
| 124|0x000000070ae00000, 0x000000070af00000, 0x000000070af00000|100%|HC|  |TAMS 0x000000070ae00000, 0x000000070ae00000| Complete 
| 125|0x000000070af00000, 0x000000070af00000, 0x000000070b000000|  0%| F|  |TAMS 0x000000070af00000, 0x000000070af00000| Untracked 
| 126|0x000000070b000000, 0x000000070b000000, 0x000000070b100000|  0%| F|  |TAMS 0x000000070b000000, 0x000000070b000000| Untracked 
| 127|0x000000070b100000, 0x000000070b100000, 0x000000070b200000|  0%| F|  |TAMS 0x000000070b100000, 0x000000070b100000| Untracked 
| 128|0x000000070b200000, 0x000000070b200000, 0x000000070b300000|  0%| F|  |TAMS 0x000000070b200000, 0x000000070b200000| Untracked 
| 129|0x000000070b300000, 0x000000070b300000, 0x000000070b400000|  0%| F|  |TAMS 0x000000070b300000, 0x000000070b300000| Untracked 
| 130|0x000000070b400000, 0x000000070b400000, 0x000000070b500000|  0%| F|  |TAMS 0x000000070b400000, 0x000000070b400000| Untracked 
| 131|0x000000070b500000, 0x000000070b500000, 0x000000070b600000|  0%| F|  |TAMS 0x000000070b500000, 0x000000070b500000| Untracked 
| 132|0x000000070b600000, 0x000000070b600000, 0x000000070b700000|  0%| F|  |TAMS 0x000000070b600000, 0x000000070b600000| Untracked 
| 133|0x000000070b700000, 0x000000070b700000, 0x000000070b800000|  0%| F|  |TAMS 0x000000070b700000, 0x000000070b700000| Untracked 
| 134|0x000000070b800000, 0x000000070b800000, 0x000000070b900000|  0%| F|  |TAMS 0x000000070b800000, 0x000000070b800000| Untracked 
| 135|0x000000070b900000, 0x000000070b900000, 0x000000070ba00000|  0%| F|  |TAMS 0x000000070b900000, 0x000000070b900000| Untracked 
| 136|0x000000070ba00000, 0x000000070ba00000, 0x000000070bb00000|  0%| F|  |TAMS 0x000000070ba00000, 0x000000070ba00000| Untracked 
| 137|0x000000070bb00000, 0x000000070bb00000, 0x000000070bc00000|  0%| F|  |TAMS 0x000000070bb00000, 0x000000070bb00000| Untracked 
| 138|0x000000070bc00000, 0x000000070bc00000, 0x000000070bd00000|  0%| F|  |TAMS 0x000000070bc00000, 0x000000070bc00000| Untracked 
| 139|0x000000070bd00000, 0x000000070bd00000, 0x000000070be00000|  0%| F|  |TAMS 0x000000070bd00000, 0x000000070bd00000| Untracked 
| 140|0x000000070be00000, 0x000000070be00000, 0x000000070bf00000|  0%| F|  |TAMS 0x000000070be00000, 0x000000070be00000| Untracked 
| 141|0x000000070bf00000, 0x000000070bf00000, 0x000000070c000000|  0%| F|  |TAMS 0x000000070bf00000, 0x000000070bf00000| Untracked 
| 142|0x000000070c000000, 0x000000070c000000, 0x000000070c100000|  0%| F|  |TAMS 0x000000070c000000, 0x000000070c000000| Untracked 
| 143|0x000000070c100000, 0x000000070c100000, 0x000000070c200000|  0%| F|  |TAMS 0x000000070c100000, 0x000000070c100000| Untracked 
| 144|0x000000070c200000, 0x000000070c200000, 0x000000070c300000|  0%| F|  |TAMS 0x000000070c200000, 0x000000070c200000| Untracked 
| 145|0x000000070c300000, 0x000000070c300000, 0x000000070c400000|  0%| F|  |TAMS 0x000000070c300000, 0x000000070c300000| Untracked 
| 146|0x000000070c400000, 0x000000070c400000, 0x000000070c500000|  0%| F|  |TAMS 0x000000070c400000, 0x000000070c400000| Untracked 
| 147|0x000000070c500000, 0x000000070c500000, 0x000000070c600000|  0%| F|  |TAMS 0x000000070c500000, 0x000000070c500000| Untracked 
| 148|0x000000070c600000, 0x000000070c600000, 0x000000070c700000|  0%| F|  |TAMS 0x000000070c600000, 0x000000070c600000| Untracked 
| 149|0x000000070c700000, 0x000000070c700000, 0x000000070c800000|  0%| F|  |TAMS 0x000000070c700000, 0x000000070c700000| Untracked 
| 150|0x000000070c800000, 0x000000070c800000, 0x000000070c900000|  0%| F|  |TAMS 0x000000070c800000, 0x000000070c800000| Untracked 
| 151|0x000000070c900000, 0x000000070c900000, 0x000000070ca00000|  0%| F|  |TAMS 0x000000070c900000, 0x000000070c900000| Untracked 
| 152|0x000000070ca00000, 0x000000070ca00000, 0x000000070cb00000|  0%| F|  |TAMS 0x000000070ca00000, 0x000000070ca00000| Untracked 
| 153|0x000000070cb00000, 0x000000070cb00000, 0x000000070cc00000|  0%| F|  |TAMS 0x000000070cb00000, 0x000000070cb00000| Untracked 
| 154|0x000000070cc00000, 0x000000070cc00000, 0x000000070cd00000|  0%| F|  |TAMS 0x000000070cc00000, 0x000000070cc00000| Untracked 
| 155|0x000000070cd00000, 0x000000070cd00000, 0x000000070ce00000|  0%| F|  |TAMS 0x000000070cd00000, 0x000000070cd00000| Untracked 
| 156|0x000000070ce00000, 0x000000070ce00000, 0x000000070cf00000|  0%| F|  |TAMS 0x000000070ce00000, 0x000000070ce00000| Untracked 
| 157|0x000000070cf00000, 0x000000070cf00000, 0x000000070d000000|  0%| F|  |TAMS 0x000000070cf00000, 0x000000070cf00000| Untracked 
| 158|0x000000070d000000, 0x000000070d000000, 0x000000070d100000|  0%| F|  |TAMS 0x000000070d000000, 0x000000070d000000| Untracked 
| 159|0x000000070d100000, 0x000000070d100000, 0x000000070d200000|  0%| F|  |TAMS 0x000000070d100000, 0x000000070d100000| Untracked 
| 160|0x000000070d200000, 0x000000070d200000, 0x000000070d300000|  0%| F|  |TAMS 0x000000070d200000, 0x000000070d200000| Untracked 
| 161|0x000000070d300000, 0x000000070d300000, 0x000000070d400000|  0%| F|  |TAMS 0x000000070d300000, 0x000000070d300000| Untracked 
| 162|0x000000070d400000, 0x000000070d400000, 0x000000070d500000|  0%| F|  |TAMS 0x000000070d400000, 0x000000070d400000| Untracked 
| 163|0x000000070d500000, 0x000000070d500000, 0x000000070d600000|  0%| F|  |TAMS 0x000000070d500000, 0x000000070d500000| Untracked 
| 164|0x000000070d600000, 0x000000070d600000, 0x000000070d700000|  0%| F|  |TAMS 0x000000070d600000, 0x000000070d600000| Untracked 
| 165|0x000000070d700000, 0x000000070d700000, 0x000000070d800000|  0%| F|  |TAMS 0x000000070d700000, 0x000000070d700000| Untracked 
| 166|0x000000070d800000, 0x000000070d800000, 0x000000070d900000|  0%| F|  |TAMS 0x000000070d800000, 0x000000070d800000| Untracked 
| 167|0x000000070d900000, 0x000000070d900000, 0x000000070da00000|  0%| F|  |TAMS 0x000000070d900000, 0x000000070d900000| Untracked 
| 168|0x000000070da00000, 0x000000070da00000, 0x000000070db00000|  0%| F|  |TAMS 0x000000070da00000, 0x000000070da00000| Untracked 
| 169|0x000000070db00000, 0x000000070db00000, 0x000000070dc00000|  0%| F|  |TAMS 0x000000070db00000, 0x000000070db00000| Untracked 
| 170|0x000000070dc00000, 0x000000070dc00000, 0x000000070dd00000|  0%| F|  |TAMS 0x000000070dc00000, 0x000000070dc00000| Untracked 
| 171|0x000000070dd00000, 0x000000070dd00000, 0x000000070de00000|  0%| F|  |TAMS 0x000000070dd00000, 0x000000070dd00000| Untracked 
| 172|0x000000070de00000, 0x000000070de00000, 0x000000070df00000|  0%| F|  |TAMS 0x000000070de00000, 0x000000070de00000| Untracked 
| 173|0x000000070df00000, 0x000000070df00000, 0x000000070e000000|  0%| F|  |TAMS 0x000000070df00000, 0x000000070df00000| Untracked 
| 174|0x000000070e000000, 0x000000070e000000, 0x000000070e100000|  0%| F|  |TAMS 0x000000070e000000, 0x000000070e000000| Untracked 
| 175|0x000000070e100000, 0x000000070e100000, 0x000000070e200000|  0%| F|  |TAMS 0x000000070e100000, 0x000000070e100000| Untracked 
| 176|0x000000070e200000, 0x000000070e200000, 0x000000070e300000|  0%| F|  |TAMS 0x000000070e200000, 0x000000070e200000| Untracked 
| 177|0x000000070e300000, 0x000000070e300000, 0x000000070e400000|  0%| F|  |TAMS 0x000000070e300000, 0x000000070e300000| Untracked 
| 178|0x000000070e400000, 0x000000070e400000, 0x000000070e500000|  0%| F|  |TAMS 0x000000070e400000, 0x000000070e400000| Untracked 
| 179|0x000000070e500000, 0x000000070e500000, 0x000000070e600000|  0%| F|  |TAMS 0x000000070e500000, 0x000000070e500000| Untracked 
| 180|0x000000070e600000, 0x000000070e600000, 0x000000070e700000|  0%| F|  |TAMS 0x000000070e600000, 0x000000070e600000| Untracked 
| 181|0x000000070e700000, 0x000000070e700000, 0x000000070e800000|  0%| F|  |TAMS 0x000000070e700000, 0x000000070e700000| Untracked 
| 182|0x000000070e800000, 0x000000070e800000, 0x000000070e900000|  0%| F|  |TAMS 0x000000070e800000, 0x000000070e800000| Untracked 
| 183|0x000000070e900000, 0x000000070e900000, 0x000000070ea00000|  0%| F|  |TAMS 0x000000070e900000, 0x000000070e900000| Untracked 
| 184|0x000000070ea00000, 0x000000070ea00000, 0x000000070eb00000|  0%| F|  |TAMS 0x000000070ea00000, 0x000000070ea00000| Untracked 
| 185|0x000000070eb00000, 0x000000070eb00000, 0x000000070ec00000|  0%| F|  |TAMS 0x000000070eb00000, 0x000000070eb00000| Untracked 
| 186|0x000000070ec00000, 0x000000070ec00000, 0x000000070ed00000|  0%| F|  |TAMS 0x000000070ec00000, 0x000000070ec00000| Untracked 
| 187|0x000000070ed00000, 0x000000070ed00000, 0x000000070ee00000|  0%| F|  |TAMS 0x000000070ed00000, 0x000000070ed00000| Untracked 
| 188|0x000000070ee00000, 0x000000070ee00000, 0x000000070ef00000|  0%| F|  |TAMS 0x000000070ee00000, 0x000000070ee00000| Untracked 
| 189|0x000000070ef00000, 0x000000070ef00000, 0x000000070f000000|  0%| F|  |TAMS 0x000000070ef00000, 0x000000070ef00000| Untracked 
| 190|0x000000070f000000, 0x000000070f000000, 0x000000070f100000|  0%| F|  |TAMS 0x000000070f000000, 0x000000070f000000| Untracked 
| 191|0x000000070f100000, 0x000000070f100000, 0x000000070f200000|  0%| F|  |TAMS 0x000000070f100000, 0x000000070f100000| Untracked 
| 192|0x000000070f200000, 0x000000070f200000, 0x000000070f300000|  0%| F|  |TAMS 0x000000070f200000, 0x000000070f200000| Untracked 
| 193|0x000000070f300000, 0x000000070f300000, 0x000000070f400000|  0%| F|  |TAMS 0x000000070f300000, 0x000000070f300000| Untracked 
| 194|0x000000070f400000, 0x000000070f400000, 0x000000070f500000|  0%| F|  |TAMS 0x000000070f400000, 0x000000070f400000| Untracked 
| 195|0x000000070f500000, 0x000000070f500000, 0x000000070f600000|  0%| F|  |TAMS 0x000000070f500000, 0x000000070f500000| Untracked 
| 196|0x000000070f600000, 0x000000070f600000, 0x000000070f700000|  0%| F|  |TAMS 0x000000070f600000, 0x000000070f600000| Untracked 
| 197|0x000000070f700000, 0x000000070f700000, 0x000000070f800000|  0%| F|  |TAMS 0x000000070f700000, 0x000000070f700000| Untracked 
| 198|0x000000070f800000, 0x000000070f800000, 0x000000070f900000|  0%| F|  |TAMS 0x000000070f800000, 0x000000070f800000| Untracked 
| 199|0x000000070f900000, 0x000000070f900000, 0x000000070fa00000|  0%| F|  |TAMS 0x000000070f900000, 0x000000070f900000| Untracked 
| 200|0x000000070fa00000, 0x000000070fa00000, 0x000000070fb00000|  0%| F|  |TAMS 0x000000070fa00000, 0x000000070fa00000| Untracked 
| 201|0x000000070fb00000, 0x000000070fb00000, 0x000000070fc00000|  0%| F|  |TAMS 0x000000070fb00000, 0x000000070fb00000| Untracked 
| 202|0x000000070fc00000, 0x000000070fc00000, 0x000000070fd00000|  0%| F|  |TAMS 0x000000070fc00000, 0x000000070fc00000| Untracked 
| 203|0x000000070fd00000, 0x000000070fd00000, 0x000000070fe00000|  0%| F|  |TAMS 0x000000070fd00000, 0x000000070fd00000| Untracked 
| 204|0x000000070fe00000, 0x000000070fe00000, 0x000000070ff00000|  0%| F|  |TAMS 0x000000070fe00000, 0x000000070fe00000| Untracked 
| 205|0x000000070ff00000, 0x000000070ff00000, 0x0000000710000000|  0%| F|  |TAMS 0x000000070ff00000, 0x000000070ff00000| Untracked 
| 206|0x0000000710000000, 0x0000000710000000, 0x0000000710100000|  0%| F|  |TAMS 0x0000000710000000, 0x0000000710000000| Untracked 
| 207|0x0000000710100000, 0x0000000710100000, 0x0000000710200000|  0%| F|  |TAMS 0x0000000710100000, 0x0000000710100000| Untracked 
| 208|0x0000000710200000, 0x0000000710200000, 0x0000000710300000|  0%| F|  |TAMS 0x0000000710200000, 0x0000000710200000| Untracked 
| 209|0x0000000710300000, 0x0000000710300000, 0x0000000710400000|  0%| F|  |TAMS 0x0000000710300000, 0x0000000710300000| Untracked 
| 210|0x0000000710400000, 0x0000000710400000, 0x0000000710500000|  0%| F|  |TAMS 0x0000000710400000, 0x0000000710400000| Untracked 
| 211|0x0000000710500000, 0x0000000710500000, 0x0000000710600000|  0%| F|  |TAMS 0x0000000710500000, 0x0000000710500000| Untracked 
| 212|0x0000000710600000, 0x0000000710600000, 0x0000000710700000|  0%| F|  |TAMS 0x0000000710600000, 0x0000000710600000| Untracked 
| 213|0x0000000710700000, 0x0000000710700000, 0x0000000710800000|  0%| F|  |TAMS 0x0000000710700000, 0x0000000710700000| Untracked 
| 214|0x0000000710800000, 0x0000000710800000, 0x0000000710900000|  0%| F|  |TAMS 0x0000000710800000, 0x0000000710800000| Untracked 
| 215|0x0000000710900000, 0x0000000710900000, 0x0000000710a00000|  0%| F|  |TAMS 0x0000000710900000, 0x0000000710900000| Untracked 
| 216|0x0000000710a00000, 0x0000000710a00000, 0x0000000710b00000|  0%| F|  |TAMS 0x0000000710a00000, 0x0000000710a00000| Untracked 
| 217|0x0000000710b00000, 0x0000000710b00000, 0x0000000710c00000|  0%| F|  |TAMS 0x0000000710b00000, 0x0000000710b00000| Untracked 
| 218|0x0000000710c00000, 0x0000000710c00000, 0x0000000710d00000|  0%| F|  |TAMS 0x0000000710c00000, 0x0000000710c00000| Untracked 
| 219|0x0000000710d00000, 0x0000000710d00000, 0x0000000710e00000|  0%| F|  |TAMS 0x0000000710d00000, 0x0000000710d00000| Untracked 
| 220|0x0000000710e00000, 0x0000000710e00000, 0x0000000710f00000|  0%| F|  |TAMS 0x0000000710e00000, 0x0000000710e00000| Untracked 
| 221|0x0000000710f00000, 0x0000000710f00000, 0x0000000711000000|  0%| F|  |TAMS 0x0000000710f00000, 0x0000000710f00000| Untracked 
| 222|0x0000000711000000, 0x0000000711000000, 0x0000000711100000|  0%| F|  |TAMS 0x0000000711000000, 0x0000000711000000| Untracked 
| 223|0x0000000711100000, 0x0000000711100000, 0x0000000711200000|  0%| F|  |TAMS 0x0000000711100000, 0x0000000711100000| Untracked 
| 224|0x0000000711200000, 0x0000000711200000, 0x0000000711300000|  0%| F|  |TAMS 0x0000000711200000, 0x0000000711200000| Untracked 
| 225|0x0000000711300000, 0x0000000711300000, 0x0000000711400000|  0%| F|  |TAMS 0x0000000711300000, 0x0000000711300000| Untracked 
| 226|0x0000000711400000, 0x0000000711400000, 0x0000000711500000|  0%| F|  |TAMS 0x0000000711400000, 0x0000000711400000| Untracked 
| 227|0x0000000711500000, 0x0000000711500000, 0x0000000711600000|  0%| F|  |TAMS 0x0000000711500000, 0x0000000711500000| Untracked 
| 228|0x0000000711600000, 0x0000000711600000, 0x0000000711700000|  0%| F|  |TAMS 0x0000000711600000, 0x0000000711600000| Untracked 
| 229|0x0000000711700000, 0x0000000711700000, 0x0000000711800000|  0%| F|  |TAMS 0x0000000711700000, 0x0000000711700000| Untracked 
| 230|0x0000000711800000, 0x0000000711800000, 0x0000000711900000|  0%| F|  |TAMS 0x0000000711800000, 0x0000000711800000| Untracked 
| 231|0x0000000711900000, 0x0000000711900000, 0x0000000711a00000|  0%| F|  |TAMS 0x0000000711900000, 0x0000000711900000| Untracked 
| 232|0x0000000711a00000, 0x0000000711a00000, 0x0000000711b00000|  0%| F|  |TAMS 0x0000000711a00000, 0x0000000711a00000| Untracked 
| 233|0x0000000711b00000, 0x0000000711b00000, 0x0000000711c00000|  0%| F|  |TAMS 0x0000000711b00000, 0x0000000711b00000| Untracked 
| 234|0x0000000711c00000, 0x0000000711c00000, 0x0000000711d00000|  0%| F|  |TAMS 0x0000000711c00000, 0x0000000711c00000| Untracked 
| 235|0x0000000711d00000, 0x0000000711d00000, 0x0000000711e00000|  0%| F|  |TAMS 0x0000000711d00000, 0x0000000711d00000| Untracked 
| 236|0x0000000711e00000, 0x0000000711e00000, 0x0000000711f00000|  0%| F|  |TAMS 0x0000000711e00000, 0x0000000711e00000| Untracked 
| 237|0x0000000711f00000, 0x0000000711f00000, 0x0000000712000000|  0%| F|  |TAMS 0x0000000711f00000, 0x0000000711f00000| Untracked 
| 238|0x0000000712000000, 0x0000000712000000, 0x0000000712100000|  0%| F|  |TAMS 0x0000000712000000, 0x0000000712000000| Untracked 
| 239|0x0000000712100000, 0x0000000712100000, 0x0000000712200000|  0%| F|  |TAMS 0x0000000712100000, 0x0000000712100000| Untracked 
| 240|0x0000000712200000, 0x0000000712200000, 0x0000000712300000|  0%| F|  |TAMS 0x0000000712200000, 0x0000000712200000| Untracked 
| 241|0x0000000712300000, 0x0000000712300000, 0x0000000712400000|  0%| F|  |TAMS 0x0000000712300000, 0x0000000712300000| Untracked 
| 242|0x0000000712400000, 0x0000000712400000, 0x0000000712500000|  0%| F|  |TAMS 0x0000000712400000, 0x0000000712400000| Untracked 
| 243|0x0000000712500000, 0x0000000712500000, 0x0000000712600000|  0%| F|  |TAMS 0x0000000712500000, 0x0000000712500000| Untracked 
| 244|0x0000000712600000, 0x0000000712600000, 0x0000000712700000|  0%| F|  |TAMS 0x0000000712600000, 0x0000000712600000| Untracked 
| 245|0x0000000712700000, 0x0000000712700000, 0x0000000712800000|  0%| F|  |TAMS 0x0000000712700000, 0x0000000712700000| Untracked 
| 246|0x0000000712800000, 0x0000000712800000, 0x0000000712900000|  0%| F|  |TAMS 0x0000000712800000, 0x0000000712800000| Untracked 
| 247|0x0000000712900000, 0x0000000712900000, 0x0000000712a00000|  0%| F|  |TAMS 0x0000000712900000, 0x0000000712900000| Untracked 
| 248|0x0000000712a00000, 0x0000000712a00000, 0x0000000712b00000|  0%| F|  |TAMS 0x0000000712a00000, 0x0000000712a00000| Untracked 
| 249|0x0000000712b00000, 0x0000000712b00000, 0x0000000712c00000|  0%| F|  |TAMS 0x0000000712b00000, 0x0000000712b00000| Untracked 
| 250|0x0000000712c00000, 0x0000000712c00000, 0x0000000712d00000|  0%| F|  |TAMS 0x0000000712c00000, 0x0000000712c00000| Untracked 
| 251|0x0000000712d00000, 0x0000000712d00000, 0x0000000712e00000|  0%| F|  |TAMS 0x0000000712d00000, 0x0000000712d00000| Untracked 
| 252|0x0000000712e00000, 0x0000000712e00000, 0x0000000712f00000|  0%| F|  |TAMS 0x0000000712e00000, 0x0000000712e00000| Untracked 
| 253|0x0000000712f00000, 0x0000000712f00000, 0x0000000713000000|  0%| F|  |TAMS 0x0000000712f00000, 0x0000000712f00000| Untracked 
| 254|0x0000000713000000, 0x0000000713000000, 0x0000000713100000|  0%| F|  |TAMS 0x0000000713000000, 0x0000000713000000| Untracked 
| 255|0x0000000713100000, 0x0000000713100000, 0x0000000713200000|  0%| F|  |TAMS 0x0000000713100000, 0x0000000713100000| Untracked 
| 256|0x0000000713200000, 0x0000000713200000, 0x0000000713300000|  0%| F|  |TAMS 0x0000000713200000, 0x0000000713200000| Untracked 
| 257|0x0000000713300000, 0x0000000713300000, 0x0000000713400000|  0%| F|  |TAMS 0x0000000713300000, 0x0000000713300000| Untracked 
| 258|0x0000000713400000, 0x0000000713400000, 0x0000000713500000|  0%| F|  |TAMS 0x0000000713400000, 0x0000000713400000| Untracked 
| 259|0x0000000713500000, 0x0000000713500000, 0x0000000713600000|  0%| F|  |TAMS 0x0000000713500000, 0x0000000713500000| Untracked 
| 260|0x0000000713600000, 0x0000000713600000, 0x0000000713700000|  0%| F|  |TAMS 0x0000000713600000, 0x0000000713600000| Untracked 
| 261|0x0000000713700000, 0x0000000713700000, 0x0000000713800000|  0%| F|  |TAMS 0x0000000713700000, 0x0000000713700000| Untracked 
| 262|0x0000000713800000, 0x0000000713800000, 0x0000000713900000|  0%| F|  |TAMS 0x0000000713800000, 0x0000000713800000| Untracked 
| 263|0x0000000713900000, 0x0000000713900000, 0x0000000713a00000|  0%| F|  |TAMS 0x0000000713900000, 0x0000000713900000| Untracked 
| 264|0x0000000713a00000, 0x0000000713a80800, 0x0000000713b00000| 50%| E|  |TAMS 0x0000000713a00000, 0x0000000713a00000| Complete 
| 265|0x0000000713b00000, 0x0000000713c00000, 0x0000000713c00000|100%| E|CS|TAMS 0x0000000713b00000, 0x0000000713b00000| Complete 
| 266|0x0000000713c00000, 0x0000000713d00000, 0x0000000713d00000|100%| E|CS|TAMS 0x0000000713c00000, 0x0000000713c00000| Complete 
| 267|0x0000000713d00000, 0x0000000713e00000, 0x0000000713e00000|100%| E|CS|TAMS 0x0000000713d00000, 0x0000000713d00000| Complete 
| 268|0x0000000713e00000, 0x0000000713f00000, 0x0000000713f00000|100%| E|CS|TAMS 0x0000000713e00000, 0x0000000713e00000| Complete 
| 269|0x0000000713f00000, 0x0000000714000000, 0x0000000714000000|100%| E|CS|TAMS 0x0000000713f00000, 0x0000000713f00000| Complete 
| 270|0x0000000714000000, 0x0000000714100000, 0x0000000714100000|100%| E|CS|TAMS 0x0000000714000000, 0x0000000714000000| Complete 
| 271|0x0000000714100000, 0x0000000714200000, 0x0000000714200000|100%| E|CS|TAMS 0x0000000714100000, 0x0000000714100000| Complete 
| 272|0x0000000714200000, 0x0000000714300000, 0x0000000714300000|100%| E|CS|TAMS 0x0000000714200000, 0x0000000714200000| Complete 
| 273|0x0000000714300000, 0x0000000714400000, 0x0000000714400000|100%| E|CS|TAMS 0x0000000714300000, 0x0000000714300000| Complete 
| 274|0x0000000714400000, 0x0000000714500000, 0x0000000714500000|100%| E|CS|TAMS 0x0000000714400000, 0x0000000714400000| Complete 
| 275|0x0000000714500000, 0x0000000714600000, 0x0000000714600000|100%| E|CS|TAMS 0x0000000714500000, 0x0000000714500000| Complete 
| 276|0x0000000714600000, 0x0000000714700000, 0x0000000714700000|100%| E|CS|TAMS 0x0000000714600000, 0x0000000714600000| Complete 
| 277|0x0000000714700000, 0x0000000714800000, 0x0000000714800000|100%| E|  |TAMS 0x0000000714700000, 0x0000000714700000| Complete 
| 278|0x0000000714800000, 0x0000000714900000, 0x0000000714900000|100%| E|CS|TAMS 0x0000000714800000, 0x0000000714800000| Complete 
| 279|0x0000000714900000, 0x0000000714a00000, 0x0000000714a00000|100%| E|CS|TAMS 0x0000000714900000, 0x0000000714900000| Complete 
| 280|0x0000000714a00000, 0x0000000714b00000, 0x0000000714b00000|100%| E|CS|TAMS 0x0000000714a00000, 0x0000000714a00000| Complete 
| 281|0x0000000714b00000, 0x0000000714c00000, 0x0000000714c00000|100%| E|CS|TAMS 0x0000000714b00000, 0x0000000714b00000| Complete 
| 282|0x0000000714c00000, 0x0000000714d00000, 0x0000000714d00000|100%| E|CS|TAMS 0x0000000714c00000, 0x0000000714c00000| Complete 
| 283|0x0000000714d00000, 0x0000000714e00000, 0x0000000714e00000|100%| E|CS|TAMS 0x0000000714d00000, 0x0000000714d00000| Complete 
| 284|0x0000000714e00000, 0x0000000714f00000, 0x0000000714f00000|100%| E|CS|TAMS 0x0000000714e00000, 0x0000000714e00000| Complete 
| 285|0x0000000714f00000, 0x0000000715000000, 0x0000000715000000|100%| E|CS|TAMS 0x0000000714f00000, 0x0000000714f00000| Complete 
| 286|0x0000000715000000, 0x0000000715100000, 0x0000000715100000|100%| E|CS|TAMS 0x0000000715000000, 0x0000000715000000| Complete 
| 287|0x0000000715100000, 0x0000000715200000, 0x0000000715200000|100%| S|CS|TAMS 0x0000000715100000, 0x0000000715100000| Complete 
| 288|0x0000000715200000, 0x0000000715300000, 0x0000000715300000|100%| S|CS|TAMS 0x0000000715200000, 0x0000000715200000| Complete 
| 289|0x0000000715300000, 0x0000000715400000, 0x0000000715400000|100%| S|CS|TAMS 0x0000000715300000, 0x0000000715300000| Complete 
| 290|0x0000000715400000, 0x0000000715500000, 0x0000000715500000|100%| S|CS|TAMS 0x0000000715400000, 0x0000000715400000| Complete 
| 291|0x0000000715500000, 0x0000000715600000, 0x0000000715600000|100%| S|CS|TAMS 0x0000000715500000, 0x0000000715500000| Complete 
| 292|0x0000000715600000, 0x0000000715700000, 0x0000000715700000|100%| S|CS|TAMS 0x0000000715600000, 0x0000000715600000| Complete 
| 293|0x0000000715700000, 0x0000000715800000, 0x0000000715800000|100%| S|CS|TAMS 0x0000000715700000, 0x0000000715700000| Complete 
| 294|0x0000000715800000, 0x0000000715900000, 0x0000000715900000|100%| S|CS|TAMS 0x0000000715800000, 0x0000000715800000| Complete 
| 295|0x0000000715900000, 0x0000000715a00000, 0x0000000715a00000|100%| E|CS|TAMS 0x0000000715900000, 0x0000000715900000| Complete 
| 296|0x0000000715a00000, 0x0000000715b00000, 0x0000000715b00000|100%| E|CS|TAMS 0x0000000715a00000, 0x0000000715a00000| Complete 
| 297|0x0000000715b00000, 0x0000000715c00000, 0x0000000715c00000|100%| E|CS|TAMS 0x0000000715b00000, 0x0000000715b00000| Complete 
| 298|0x0000000715c00000, 0x0000000715d00000, 0x0000000715d00000|100%| E|CS|TAMS 0x0000000715c00000, 0x0000000715c00000| Complete 
| 299|0x0000000715d00000, 0x0000000715e00000, 0x0000000715e00000|100%| E|CS|TAMS 0x0000000715d00000, 0x0000000715d00000| Complete 
| 300|0x0000000715e00000, 0x0000000715f00000, 0x0000000715f00000|100%| E|CS|TAMS 0x0000000715e00000, 0x0000000715e00000| Complete 
| 301|0x0000000715f00000, 0x0000000716000000, 0x0000000716000000|100%| E|CS|TAMS 0x0000000715f00000, 0x0000000715f00000| Complete 
| 302|0x0000000716000000, 0x0000000716100000, 0x0000000716100000|100%| E|CS|TAMS 0x0000000716000000, 0x0000000716000000| Complete 
| 303|0x0000000716100000, 0x0000000716200000, 0x0000000716200000|100%| E|CS|TAMS 0x0000000716100000, 0x0000000716100000| Complete 
| 304|0x0000000716200000, 0x0000000716300000, 0x0000000716300000|100%| E|CS|TAMS 0x0000000716200000, 0x0000000716200000| Complete 

Card table byte_map: [0x0000022f9d270000,0x0000022f9da60000] _byte_map_base: 0x0000022f99a57000

Marking Bits (Prev, Next): (CMBitMap*) 0x0000022f833a4958, (CMBitMap*) 0x0000022f833a4990
 Prev Bits: [0x0000022f9e250000, 0x0000022fa2188000)
 Next Bits: [0x0000022fa2190000, 0x0000022fa60c8000)

Polling page: 0x0000022f83420000

Metaspace:

Usage:
  Non-class:     42.85 MB capacity,    41.68 MB ( 97%) used,   954.15 KB (  2%) free+waste,   244.63 KB ( <1%) overhead. 
      Class:      6.72 MB capacity,     5.88 MB ( 87%) used,   742.38 KB ( 11%) free+waste,   120.50 KB (  2%) overhead. 
       Both:     49.57 MB capacity,    47.56 MB ( 96%) used,     1.66 MB (  3%) free+waste,   365.13 KB ( <1%) overhead. 

Virtual space:
  Non-class space:       44.00 MB reserved,      43.08 MB ( 98%) committed 
      Class space:        1.00 GB reserved,       6.82 MB ( <1%) committed 
             Both:        1.04 GB reserved,      49.90 MB (  5%) committed 

Chunk freelists:
   Non-Class:  5.38 KB
       Class:  0 bytes
        Both:  5.38 KB

CodeHeap 'non-profiled nmethods': size=120000Kb used=4871Kb max_used=4871Kb free=115128Kb
 bounds [0x0000022f94af0000, 0x0000022f94fc0000, 0x0000022f9c020000]
CodeHeap 'profiled nmethods': size=120000Kb used=18447Kb max_used=18447Kb free=101552Kb
 bounds [0x0000022f8d5c0000, 0x0000022f8e7d0000, 0x0000022f94af0000]
CodeHeap 'non-nmethods': size=5760Kb used=1502Kb max_used=1559Kb free=4257Kb
 bounds [0x0000022f8d020000, 0x0000022f8d290000, 0x0000022f8d5c0000]
 total_blobs=9177 nmethods=8181 adapters=906
 compilation: enabled
              stopped_count=0, restarted_count=0
 full_count=0

Compilation events (10 events):
Event: 40.013 Thread 0x0000022fa9544800 nmethod 8231 0x0000022f94faee10 code [0x0000022f94faefa0, 0x0000022f94faf158]
Event: 40.025 Thread 0x0000022fa9544800 8233       4       jdk.internal.org.objectweb.asm.Type::getDescriptor (87 bytes)
Event: 40.026 Thread 0x0000022fa9545800 8237       3       com.sun.javafx.scene.control.inputmap.InputMap$$Lambda$496/0x0000000800504840::apply (8 bytes)
Event: 40.026 Thread 0x0000022fa9545800 nmethod 8237 0x0000022f8e7c0b90 code [0x0000022f8e7c0d60, 0x0000022f8e7c1218]
Event: 40.026 Thread 0x0000022fa9545800 8238       3       com.sun.javafx.scene.control.inputmap.InputMap::lambda$addEventHandler$7 (8 bytes)
Event: 40.026 Thread 0x0000022fa9545800 nmethod 8238 0x0000022f8e7c1390 code [0x0000022f8e7c1560, 0x0000022f8e7c1898]
Event: 40.026 Thread 0x0000022fa9545800 8240       3       java.util.ArrayList::equals (62 bytes)
Event: 40.027 Thread 0x0000022fa9545800 nmethod 8240 0x0000022f8e7c1a10 code [0x0000022f8e7c1c20, 0x0000022f8e7c2408]
Event: 40.027 Thread 0x0000022fa9545800 8241       3       com.sun.javafx.sg.prism.NGGroup::add (83 bytes)
Event: 40.029 Thread 0x0000022fa9545800 nmethod 8241 0x0000022f8e7c2610 code [0x0000022f8e7c28e0, 0x0000022f8e7c3858]

GC Heap History (10 events):
Event: 3.804 GC heap before
{Heap before GC invocations=5 (full 0):
 garbage-first heap   total 260096K, used 95907K [0x0000000703200000, 0x0000000800000000)
  region size 1024K, 84 young (86016K), 8 survivors (8192K)
 Metaspace       used 34855K, capacity 35851K, committed 35920K, reserved 1081344K
  class space    used 3933K, capacity 4349K, committed 4352K, reserved 1048576K
}
Event: 3.820 GC heap after
{Heap after GC invocations=6 (full 0):
 garbage-first heap   total 260096K, used 31558K [0x0000000703200000, 0x0000000800000000)
  region size 1024K, 11 young (11264K), 11 survivors (11264K)
 Metaspace       used 34855K, capacity 35851K, committed 35920K, reserved 1081344K
  class space    used 3933K, capacity 4349K, committed 4352K, reserved 1048576K
}
Event: 19.302 GC heap before
{Heap before GC invocations=7 (full 0):
 garbage-first heap   total 260096K, used 208710K [0x0000000703200000, 0x0000000800000000)
  region size 1024K, 94 young (96256K), 11 survivors (11264K)
 Metaspace       used 47567K, capacity 49652K, committed 49692K, reserved 1091584K
  class space    used 5970K, capacity 6836K, committed 6860K, reserved 1048576K
}
Event: 19.321 GC heap after
{Heap after GC invocations=8 (full 0):
 garbage-first heap   total 312320K, used 83554K [0x0000000703200000, 0x0000000800000000)
  region size 1024K, 8 young (8192K), 8 survivors (8192K)
 Metaspace       used 47567K, capacity 49652K, committed 49692K, reserved 1091584K
  class space    used 5970K, capacity 6836K, committed 6860K, reserved 1048576K
}
Event: 19.419 GC heap before
{Heap before GC invocations=9 (full 0):
 garbage-first heap   total 312320K, used 140898K [0x0000000703200000, 0x0000000800000000)
  region size 1024K, 21 young (21504K), 8 survivors (8192K)
 Metaspace       used 47610K, capacity 49660K, committed 49692K, reserved 1091584K
  class space    used 5974K, capacity 6838K, committed 6860K, reserved 1048576K
}
Event: 19.429 GC heap after
{Heap after GC invocations=10 (full 0):
 garbage-first heap   total 312320K, used 42185K [0x0000000703200000, 0x0000000800000000)
  region size 1024K, 8 young (8192K), 8 survivors (8192K)
 Metaspace       used 47610K, capacity 49660K, committed 49692K, reserved 1091584K
  class space    used 5974K, capacity 6838K, committed 6860K, reserved 1048576K
}
Event: 27.855 GC heap before
{Heap before GC invocations=11 (full 0):
 garbage-first heap   total 312320K, used 163017K [0x0000000703200000, 0x0000000800000000)
  region size 1024K, 43 young (44032K), 8 survivors (8192K)
 Metaspace       used 48168K, capacity 50192K, committed 50460K, reserved 1093632K
  class space    used 5997K, capacity 6842K, committed 6860K, reserved 1048576K
}
Event: 27.861 GC heap after
{Heap after GC invocations=12 (full 0):
 garbage-first heap   total 312320K, used 83679K [0x0000000703200000, 0x0000000800000000)
  region size 1024K, 8 young (8192K), 8 survivors (8192K)
 Metaspace       used 48168K, capacity 50192K, committed 50460K, reserved 1093632K
  class space    used 5997K, capacity 6842K, committed 6860K, reserved 1048576K
}
Event: 27.942 GC heap before
{Heap before GC invocations=13 (full 0):
 garbage-first heap   total 312320K, used 178911K [0x0000000703200000, 0x0000000800000000)
  region size 1024K, 18 young (18432K), 8 survivors (8192K)
 Metaspace       used 48182K, capacity 50192K, committed 50460K, reserved 1093632K
  class space    used 5997K, capacity 6842K, committed 6860K, reserved 1048576K
}
Event: 27.948 GC heap after
{Heap after GC invocations=14 (full 0):
 garbage-first heap   total 312320K, used 43008K [0x0000000703200000, 0x0000000800000000)
  region size 1024K, 8 young (8192K), 8 survivors (8192K)
 Metaspace       used 48182K, capacity 50192K, committed 50460K, reserved 1093632K
  class space    used 5997K, capacity 6842K, committed 6860K, reserved 1048576K
}

Deoptimization events (10 events):
Event: 22.867 Thread 0x0000022faa119000 Uncommon trap: reason=unstable_if action=reinterpret pc=0x0000022f94ce7c6c method=java.util.ArrayList.indexOfRange(Ljava/lang/Object;II)I @ 7 c2
Event: 23.623 Thread 0x0000022faa119000 Uncommon trap: reason=class_check action=maybe_recompile pc=0x0000022f94db4cb0 method=java.util.Map.computeIfAbsent(Ljava/lang/Object;Ljava/util/function/Function;)Ljava/lang/Object; @ 19 c2
Event: 32.926 Thread 0x0000022fa9bef800 Uncommon trap: reason=unstable_if action=reinterpret pc=0x0000022f94f2a574 method=com.sun.marlin.DHelpers.outcode(DD[D)I @ 39 c2
Event: 33.278 Thread 0x0000022faa119000 Uncommon trap: reason=unstable_if action=reinterpret pc=0x0000022f94da3b0c method=javafx.scene.Node.intersectsBounds(Lcom/sun/javafx/geom/PickRay;)D @ 902 c2
Event: 35.172 Thread 0x0000022faa119000 Uncommon trap: reason=unstable_if action=reinterpret pc=0x0000022f94f3f518 method=sun.text.bidi.BidiBase.getMemory(Ljava/lang/String;Ljava/lang/Object;Ljava/lang/Class;ZI)Ljava/lang/Object; @ 10 c2
Event: 35.172 Thread 0x0000022faa119000 Uncommon trap: reason=unstable_if action=reinterpret pc=0x0000022f94e9f340 method=sun.text.bidi.BidiBase.getMemory(Ljava/lang/String;Ljava/lang/Object;Ljava/lang/Class;ZI)Ljava/lang/Object; @ 10 c2
Event: 35.173 Thread 0x0000022faa119000 Uncommon trap: reason=unstable_if action=reinterpret pc=0x0000022f94ec158c method=java.lang.Integer.equals(Ljava/lang/Object;)Z @ 18 c2
Event: 35.928 Thread 0x0000022faa119000 Uncommon trap: reason=unstable_if action=reinterpret pc=0x0000022f94dd2134 method=com.sun.javafx.css.StyleManager$CacheContainer.getStyleMap(I)Lcom/sun/javafx/css/StyleMap; @ 22 c2
Event: 37.469 Thread 0x0000022faa119000 Uncommon trap: reason=loop_limit_check action=maybe_recompile pc=0x0000022f94f891b4 method=com.sun.javafx.css.SelectorPartitioning.match(Ljava/lang/String;Ljava/lang/String;Ljava/util/Set;)Ljava/util/List; @ 167 c2
Event: 37.470 Thread 0x0000022faa119000 Uncommon trap: reason=loop_limit_check action=maybe_recompile pc=0x0000022f94f11424 method=com.sun.javafx.css.SelectorPartitioning.match(Ljava/lang/String;Ljava/lang/String;Ljava/util/Set;)Ljava/util/List; @ 167 c2

Classes redefined (0 events):
No events

Internal exceptions (10 events):
Event: 11.015 Thread 0x0000022faa119000 Exception <a 'java/io/FileNotFoundException'{0x000000070f22e730}> (0x000000070f22e730) thrown at [./open/src/hotspot/share/prims/jni.cpp, line 611]
Event: 13.173 Thread 0x0000022faa119000 Exception <a 'java/lang/NoSuchMethodError'{0x000000070e82ad30}: java.lang.invoke.DirectMethodHandle$Holder.invokeStatic(Ljava/lang/Object;Ljava/lang/Object;JLjava/lang/Object;)Ljava/lang/Object;> (0x000000070e82ad30) thrown at [./open/src/hotspot/share/in
Event: 13.174 Thread 0x0000022faa119000 Exception <a 'java/lang/NoSuchMethodError'{0x000000070e831750}: java.lang.invoke.Invokers$Holder.linkToTargetMethod(Ljava/lang/Object;JLjava/lang/Object;Ljava/lang/Object;)Ljava/lang/Object;> (0x000000070e831750) thrown at [./open/src/hotspot/share/interp
Event: 14.677 Thread 0x0000022faa119000 Exception <a 'java/lang/NoSuchMethodError'{0x000000070e14b5b0}: java.lang.invoke.DirectMethodHandle$Holder.invokeStatic(Ljava/lang/Object;Ljava/lang/Object;Ljava/lang/Object;DDDDIIIIIIIII)Ljava/lang/Object;> (0x000000070e14b5b0) thrown at [./open/src/hots
Event: 18.900 Thread 0x0000022faa119000 Exception <a 'java/lang/NoSuchMethodError'{0x000000070df98840}: java.lang.invoke.DirectMethodHandle$Holder.invokeStatic(Ljava/lang/Object;Ljava/lang/Object;IIIIILjava/lang/Object;)Ljava/lang/Object;> (0x000000070df98840) thrown at [./open/src/hotspot/shar
Event: 18.901 Thread 0x0000022faa119000 Exception <a 'java/lang/NoSuchMethodError'{0x000000070dfa9510}: java.lang.invoke.DirectMethodHandle$Holder.invokeStatic(Ljava/lang/Object;Ljava/lang/Object;Ljava/lang/Object;IIIII)Ljava/lang/Object;> (0x000000070dfa9510) thrown at [./open/src/hotspot/shar
Event: 18.901 Thread 0x0000022faa119000 Exception <a 'java/lang/NoSuchMethodError'{0x000000070dfb02c0}: java.lang.invoke.Invokers$Holder.linkToTargetMethod(Ljava/lang/Object;Ljava/lang/Object;IIIIILjava/lang/Object;)Ljava/lang/Object;> (0x000000070dfb02c0) thrown at [./open/src/hotspot/share/in
Event: 19.178 Thread 0x0000022faa119000 Implicit null exception at 0x0000022f94e9680f to 0x0000022f94e96adc
Event: 19.322 Thread 0x0000022fb3a5d000 Exception <a 'sun/net/ConnectionResetException'{0x00000007162ef738}: > (0x00000007162ef738) thrown at [./open/src/hotspot/share/prims/jni.cpp, line 632]
Event: 22.867 Thread 0x0000022faa119000 Implicit null exception at 0x0000022f94ce79d7 to 0x0000022f94ce7c4c

Events (10 events):
Event: 39.988 Thread 0x0000022fb2cc9800 Thread added: 0x0000022fb2cc9800
Event: 39.988 Thread 0x0000022fb2ccb800 Thread added: 0x0000022fb2ccb800
Event: 40.010 Thread 0x0000022fb2cc6800 Thread added: 0x0000022fb2cc6800
Event: 40.010 Executing VM operation: RevokeBias
Event: 40.010 Executing VM operation: RevokeBias done
Event: 40.011 Thread 0x0000022fb2cc6800 Thread exited: 0x0000022fb2cc6800
Event: 40.023 loading class com/sun/webkit/network/URLLoader$Redirect
Event: 40.023 loading class com/sun/webkit/network/URLLoader$Redirect done
Event: 40.025 loading class com/sun/webkit/network/URLLoader
Event: 40.025 loading class com/sun/webkit/network/URLLoader done


Dynamic libraries:
0x00007ff7cc9c0000 - 0x00007ff7cc9cf000 	C:\Program Files\Java\jdk-11.0.12\bin\java.exe
0x00007ffcf5ad0000 - 0x00007ffcf5ce4000 	C:\WINDOWS\SYSTEM32\ntdll.dll
0x00007ffcf4530000 - 0x00007ffcf45f2000 	C:\WINDOWS\System32\KERNEL32.DLL
0x00007ffcf3110000 - 0x00007ffcf34ac000 	C:\WINDOWS\System32\KERNELBASE.dll
0x00007ffcf3530000 - 0x00007ffcf3641000 	C:\WINDOWS\System32\ucrtbase.dll
0x00007ffce94e0000 - 0x00007ffce94f5000 	C:\Program Files\Java\jdk-11.0.12\bin\VCRUNTIME140.dll
0x00007ffce93e0000 - 0x00007ffce93f8000 	C:\Program Files\Java\jdk-11.0.12\bin\jli.dll
0x00007ffcf3e10000 - 0x00007ffcf3ebe000 	C:\WINDOWS\System32\ADVAPI32.dll
0x00007ffcf46f0000 - 0x00007ffcf4797000 	C:\WINDOWS\System32\msvcrt.dll
0x00007ffcf41b0000 - 0x00007ffcf4254000 	C:\WINDOWS\System32\sechost.dll
0x00007ffcf47a0000 - 0x00007ffcf48b5000 	C:\WINDOWS\System32\RPCRT4.dll
0x00007ffcf39f0000 - 0x00007ffcf3b9a000 	C:\WINDOWS\System32\USER32.dll
0x00007ffcf3070000 - 0x00007ffcf3096000 	C:\WINDOWS\System32\win32u.dll
0x00007ffcf3c70000 - 0x00007ffcf3c99000 	C:\WINDOWS\System32\GDI32.dll
0x00007ffcd9230000 - 0x00007ffcd94be000 	C:\WINDOWS\WinSxS\amd64_microsoft.windows.common-controls_6595b64144ccf1df_6.0.22621.608_none_a9444ca7c10bb01d\COMCTL32.dll
0x00007ffcf3650000 - 0x00007ffcf3762000 	C:\WINDOWS\System32\gdi32full.dll
0x00007ffcf3830000 - 0x00007ffcf38ca000 	C:\WINDOWS\System32\msvcp_win.dll
0x00007ffce4bf0000 - 0x00007ffce4bfa000 	C:\WINDOWS\SYSTEM32\VERSION.dll
0x00007ffcf40d0000 - 0x00007ffcf4101000 	C:\WINDOWS\System32\IMM32.DLL
0x00007ffce4190000 - 0x00007ffce422b000 	C:\Program Files\Java\jdk-11.0.12\bin\msvcp140.dll
0x00007ffca1880000 - 0x00007ffca237f000 	C:\Program Files\Java\jdk-11.0.12\bin\server\jvm.dll
0x00007ffcf3c60000 - 0x00007ffcf3c68000 	C:\WINDOWS\System32\PSAPI.DLL
0x00007ffccf8e0000 - 0x00007ffccf8e9000 	C:\WINDOWS\SYSTEM32\WSOCK32.dll
0x00007ffce8280000 - 0x00007ffce82b4000 	C:\WINDOWS\SYSTEM32\WINMM.dll
0x00007ffcf4110000 - 0x00007ffcf4181000 	C:\WINDOWS\System32\WS2_32.dll
0x00007ffcf2040000 - 0x00007ffcf2058000 	C:\WINDOWS\SYSTEM32\kernel.appcore.dll
0x00007ffcec570000 - 0x00007ffcec580000 	C:\Program Files\Java\jdk-11.0.12\bin\verify.dll
0x00007ffced380000 - 0x00007ffced5ae000 	C:\WINDOWS\SYSTEM32\DBGHELP.DLL
0x00007ffcf48c0000 - 0x00007ffcf4c49000 	C:\WINDOWS\System32\combase.dll
0x00007ffcf4450000 - 0x00007ffcf4527000 	C:\WINDOWS\System32\OLEAUT32.dll
0x00007ffce4740000 - 0x00007ffce4772000 	C:\WINDOWS\SYSTEM32\dbgcore.DLL
0x00007ffcf34b0000 - 0x00007ffcf352b000 	C:\WINDOWS\System32\bcryptPrimitives.dll
0x00007ffce9170000 - 0x00007ffce9198000 	C:\Program Files\Java\jdk-11.0.12\bin\java.dll
0x00007ffcec460000 - 0x00007ffcec46a000 	C:\Program Files\Java\jdk-11.0.12\bin\jimage.dll
0x00007ffce6b70000 - 0x00007ffce6b86000 	C:\Program Files\Java\jdk-11.0.12\bin\zip.dll
0x00007ffcf4c50000 - 0x00007ffcf542d000 	C:\WINDOWS\System32\SHELL32.dll
0x00007ffcf0f20000 - 0x00007ffcf17d7000 	C:\WINDOWS\SYSTEM32\windows.storage.dll
0x00007ffcf0de0000 - 0x00007ffcf0f1d000 	C:\WINDOWS\SYSTEM32\wintypes.dll
0x00007ffcf3ca0000 - 0x00007ffcf3d91000 	C:\WINDOWS\System32\SHCORE.dll
0x00007ffcf4260000 - 0x00007ffcf42be000 	C:\WINDOWS\System32\shlwapi.dll
0x00007ffcf2e30000 - 0x00007ffcf2e51000 	C:\WINDOWS\SYSTEM32\profapi.dll
0x00007ffce43b0000 - 0x00007ffce43c9000 	C:\Program Files\Java\jdk-11.0.12\bin\net.dll
0x00007ffce9d10000 - 0x00007ffce9e3f000 	C:\WINDOWS\SYSTEM32\WINHTTP.dll
0x00007ffcf24d0000 - 0x00007ffcf2539000 	C:\WINDOWS\system32\mswsock.dll
0x00007ffce4370000 - 0x00007ffce4382000 	C:\Program Files\Java\jdk-11.0.12\bin\nio.dll
0x0000022f83460000 - 0x0000022f83463000 	C:\Program Files\Java\jdk-11.0.12\bin\api-ms-win-core-console-l1-1-0.dll
0x0000022f83470000 - 0x0000022f83473000 	C:\Program Files\Java\jdk-11.0.12\bin\api-ms-win-core-datetime-l1-1-0.dll
0x0000022f83480000 - 0x0000022f83483000 	C:\Program Files\Java\jdk-11.0.12\bin\api-ms-win-core-debug-l1-1-0.dll
0x0000022faa160000 - 0x0000022faa163000 	C:\Program Files\Java\jdk-11.0.12\bin\api-ms-win-core-errorhandling-l1-1-0.dll
0x0000022faa170000 - 0x0000022faa174000 	C:\Program Files\Java\jdk-11.0.12\bin\api-ms-win-core-file-l1-1-0.dll
0x0000022faa180000 - 0x0000022faa183000 	C:\Program Files\Java\jdk-11.0.12\bin\api-ms-win-core-file-l1-2-0.dll
0x0000022faa190000 - 0x0000022faa193000 	C:\Program Files\Java\jdk-11.0.12\bin\api-ms-win-core-file-l2-1-0.dll
0x0000022faa1a0000 - 0x0000022faa1a3000 	C:\Program Files\Java\jdk-11.0.12\bin\api-ms-win-core-handle-l1-1-0.dll
0x0000022faa1b0000 - 0x0000022faa1b3000 	C:\Program Files\Java\jdk-11.0.12\bin\api-ms-win-core-heap-l1-1-0.dll
0x0000022faa1c0000 - 0x0000022faa1c3000 	C:\Program Files\Java\jdk-11.0.12\bin\api-ms-win-core-interlocked-l1-1-0.dll
0x0000022faa1d0000 - 0x0000022faa1d3000 	C:\Program Files\Java\jdk-11.0.12\bin\api-ms-win-core-libraryloader-l1-1-0.dll
0x0000022faa1e0000 - 0x0000022faa1e3000 	C:\Program Files\Java\jdk-11.0.12\bin\api-ms-win-core-localization-l1-2-0.dll
0x0000022faa1f0000 - 0x0000022faa1f3000 	C:\Program Files\Java\jdk-11.0.12\bin\api-ms-win-core-memory-l1-1-0.dll
0x0000022faa200000 - 0x0000022faa203000 	C:\Program Files\Java\jdk-11.0.12\bin\api-ms-win-core-namedpipe-l1-1-0.dll
0x0000022faa210000 - 0x0000022faa213000 	C:\Program Files\Java\jdk-11.0.12\bin\api-ms-win-core-processenvironment-l1-1-0.dll
0x0000022faa220000 - 0x0000022faa223000 	C:\Program Files\Java\jdk-11.0.12\bin\api-ms-win-core-processthreads-l1-1-0.dll
0x0000022faa230000 - 0x0000022faa233000 	C:\Program Files\Java\jdk-11.0.12\bin\api-ms-win-core-processthreads-l1-1-1.dll
0x0000022faa240000 - 0x0000022faa243000 	C:\Program Files\Java\jdk-11.0.12\bin\api-ms-win-core-profile-l1-1-0.dll
0x0000022faa250000 - 0x0000022faa253000 	C:\Program Files\Java\jdk-11.0.12\bin\api-ms-win-core-rtlsupport-l1-1-0.dll
0x0000022faa260000 - 0x0000022faa263000 	C:\Program Files\Java\jdk-11.0.12\bin\api-ms-win-core-string-l1-1-0.dll
0x0000022faa270000 - 0x0000022faa273000 	C:\Program Files\Java\jdk-11.0.12\bin\api-ms-win-core-synch-l1-1-0.dll
0x0000022faa280000 - 0x0000022faa283000 	C:\Program Files\Java\jdk-11.0.12\bin\api-ms-win-core-synch-l1-2-0.dll
0x0000022faa290000 - 0x0000022faa293000 	C:\Program Files\Java\jdk-11.0.12\bin\api-ms-win-core-sysinfo-l1-1-0.dll
0x0000022faa2a0000 - 0x0000022faa2a3000 	C:\Program Files\Java\jdk-11.0.12\bin\api-ms-win-core-timezone-l1-1-0.dll
0x0000022faa2b0000 - 0x0000022faa2b3000 	C:\Program Files\Java\jdk-11.0.12\bin\api-ms-win-core-util-l1-1-0.dll
0x0000022faa2c0000 - 0x0000022faa2c3000 	C:\Program Files\Java\jdk-11.0.12\bin\api-ms-win-crt-conio-l1-1-0.dll
0x0000022faa2d0000 - 0x0000022faa2d4000 	C:\Program Files\Java\jdk-11.0.12\bin\api-ms-win-crt-convert-l1-1-0.dll
0x0000022faa2e0000 - 0x0000022faa2e3000 	C:\Program Files\Java\jdk-11.0.12\bin\api-ms-win-crt-environment-l1-1-0.dll
0x0000022faa2f0000 - 0x0000022faa2f3000 	C:\Program Files\Java\jdk-11.0.12\bin\api-ms-win-crt-filesystem-l1-1-0.dll
0x0000022faa300000 - 0x0000022faa303000 	C:\Program Files\Java\jdk-11.0.12\bin\api-ms-win-crt-heap-l1-1-0.dll
0x0000022faa310000 - 0x0000022faa313000 	C:\Program Files\Java\jdk-11.0.12\bin\api-ms-win-crt-locale-l1-1-0.dll
0x0000022faa320000 - 0x0000022faa325000 	C:\Program Files\Java\jdk-11.0.12\bin\api-ms-win-crt-math-l1-1-0.dll
0x0000022faa330000 - 0x0000022faa335000 	C:\Program Files\Java\jdk-11.0.12\bin\api-ms-win-crt-multibyte-l1-1-0.dll
0x0000022faa340000 - 0x0000022faa350000 	C:\Program Files\Java\jdk-11.0.12\bin\api-ms-win-crt-private-l1-1-0.dll
0x0000022faa350000 - 0x0000022faa353000 	C:\Program Files\Java\jdk-11.0.12\bin\api-ms-win-crt-process-l1-1-0.dll
0x0000022faa360000 - 0x0000022faa364000 	C:\Program Files\Java\jdk-11.0.12\bin\api-ms-win-crt-runtime-l1-1-0.dll
0x0000022faa370000 - 0x0000022faa374000 	C:\Program Files\Java\jdk-11.0.12\bin\api-ms-win-crt-stdio-l1-1-0.dll
0x0000022faa380000 - 0x0000022faa384000 	C:\Program Files\Java\jdk-11.0.12\bin\api-ms-win-crt-string-l1-1-0.dll
0x0000022faa390000 - 0x0000022faa393000 	C:\Program Files\Java\jdk-11.0.12\bin\api-ms-win-crt-time-l1-1-0.dll
0x0000022faa3a0000 - 0x0000022faa3a3000 	C:\Program Files\Java\jdk-11.0.12\bin\api-ms-win-crt-utility-l1-1-0.dll
0x00007ffcb3e50000 - 0x00007ffcb3f4a000 	C:\Program Files\Java\jdk-11.0.12\bin\ucrtbase.dll
0x00007ffce0f10000 - 0x00007ffce0f5e000 	C:\Windows\System32\concrt140.dll
0x00007ffcd1b80000 - 0x00007ffcd1b8c000 	C:\WINDOWS\SYSTEM32\VCRUNTIME140_1.dll
0x00007ffce4340000 - 0x00007ffce4363000 	C:\Users\user\.openjfx\cache\11\prism_d3d.dll
0x00007ffce4e80000 - 0x00007ffce5028000 	C:\WINDOWS\system32\d3d9.dll
0x00007ffcec420000 - 0x00007ffcec44b000 	C:\WINDOWS\SYSTEM32\dwmapi.dll
0x00007ffced6d0000 - 0x00007ffced706000 	C:\WINDOWS\SYSTEM32\dxcore.dll
0x00007ffcec2a0000 - 0x00007ffcec34b000 	C:\WINDOWS\system32\uxtheme.dll
0x00007ffc902e0000 - 0x00007ffc90444000 	C:\WINDOWS\System32\DriverStore\FileRepository\iigd_dch.inf_amd64_044fd6f0c2ae28a8\igdumdim64.dll
0x00007ffcf3f30000 - 0x00007ffcf40cc000 	C:\WINDOWS\System32\ole32.dll
0x00007ffc61d60000 - 0x00007ffc6668c000 	C:\WINDOWS\System32\DriverStore\FileRepository\iigd_dch.inf_amd64_044fd6f0c2ae28a8\igd9dxva64.dll
0x00007ffcf5430000 - 0x00007ffcf58a4000 	C:\WINDOWS\System32\SETUPAPI.dll
0x00007ffcf2bf0000 - 0x00007ffcf2c3f000 	C:\WINDOWS\SYSTEM32\cfgmgr32.dll
0x00007ffce5e00000 - 0x00007ffce60c4000 	C:\WINDOWS\System32\DriverStore\FileRepository\iigd_dch.inf_amd64_044fd6f0c2ae28a8\igdgmm64.dll
0x00007ffce8c50000 - 0x00007ffce8c99000 	C:\WINDOWS\SYSTEM32\directxdatabasehelper.dll
0x00007ffce4140000 - 0x00007ffce4185000 	C:\Users\user\.openjfx\cache\11\glass.dll
0x00007ffcf4340000 - 0x00007ffcf4436000 	C:\WINDOWS\System32\COMDLG32.dll
0x00007ffcddfc0000 - 0x00007ffcddfe1000 	C:\WINDOWS\System32\DriverStore\FileRepository\asusscreenxpertbase.inf_amd64_234295534fc9f3f0\AsusScreenXpertBase\AsusWallpaperSettingHook.dll
0x00007ffcf38d0000 - 0x00007ffcf39ee000 	C:\WINDOWS\System32\MSCTF.dll
0x00007ffce2e80000 - 0x00007ffce2ea7000 	C:\WINDOWS\System32\DriverStore\FileRepository\iigd_dch.inf_amd64_044fd6f0c2ae28a8\igdinfo64.dll
0x00007ffca4070000 - 0x00007ffca6c04000 	C:\WINDOWS\System32\DriverStore\FileRepository\iigd_dch.inf_amd64_044fd6f0c2ae28a8\igc64.dll
0x00007ffce4110000 - 0x00007ffce4135000 	C:\Program Files\Java\jdk-11.0.12\bin\sunec.dll
0x00007ffcf2710000 - 0x00007ffcf272b000 	C:\WINDOWS\SYSTEM32\CRYPTSP.dll
0x00007ffcf1fb0000 - 0x00007ffcf1fe5000 	C:\WINDOWS\system32\rsaenh.dll
0x00007ffcf25c0000 - 0x00007ffcf25e8000 	C:\WINDOWS\SYSTEM32\USERENV.dll
0x00007ffcf28b0000 - 0x00007ffcf28d8000 	C:\WINDOWS\SYSTEM32\bcrypt.dll
0x00007ffcf2730000 - 0x00007ffcf273c000 	C:\WINDOWS\SYSTEM32\CRYPTBASE.dll
0x00007ffcf1a90000 - 0x00007ffcf1abd000 	C:\WINDOWS\SYSTEM32\IPHLPAPI.DLL
0x00007ffcf3da0000 - 0x00007ffcf3da9000 	C:\WINDOWS\System32\NSI.dll
0x00007ffce9e50000 - 0x00007ffce9e69000 	C:\WINDOWS\SYSTEM32\dhcpcsvc6.DLL
0x00007ffce9cf0000 - 0x00007ffce9d0f000 	C:\WINDOWS\SYSTEM32\dhcpcsvc.DLL
0x00007ffcf1ac0000 - 0x00007ffcf1bb2000 	C:\WINDOWS\SYSTEM32\DNSAPI.dll
0x00007ffce9e40000 - 0x00007ffce9e4a000 	C:\Windows\System32\rasadhlp.dll
0x00007ffce82c0000 - 0x00007ffce8343000 	C:\WINDOWS\System32\fwpuclnt.dll
0x00007ffceb240000 - 0x00007ffceb24d000 	C:\Program Files\Java\jdk-11.0.12\bin\sunmscapi.dll
0x00007ffcf2f00000 - 0x00007ffcf3066000 	C:\WINDOWS\System32\CRYPT32.dll
0x00007ffcf2880000 - 0x00007ffcf28ad000 	C:\WINDOWS\SYSTEM32\ncrypt.dll
0x00007ffcf2840000 - 0x00007ffcf2877000 	C:\WINDOWS\SYSTEM32\NTASN1.dll
0x00007ffce4320000 - 0x00007ffce4334000 	C:\Users\user\.openjfx\cache\11\javafx_font.dll
0x00007ffcecb60000 - 0x00007ffcecdc7000 	C:\WINDOWS\SYSTEM32\dwrite.dll
0x00007ffc29c00000 - 0x00007ffc2d497000 	C:\Users\user\.openjfx\cache\11\jfxwebkit.dll
0x00007ffcf3ba0000 - 0x00007ffcf3c57000 	C:\WINDOWS\System32\clbcatq.dll
0x00007ffceb2a0000 - 0x00007ffceb450000 	C:\WINDOWS\SYSTEM32\WindowsCodecs.dll

dbghelp: loaded successfully - version: 4.0.5 - missing functions: none
symbol engine: initialized successfully - sym options: 0x614 - pdb path: .;C:\Program Files\Java\jdk-11.0.12\bin;C:\WINDOWS\SYSTEM32;C:\WINDOWS\WinSxS\amd64_microsoft.windows.common-controls_6595b64144ccf1df_6.0.22621.608_none_a9444ca7c10bb01d;C:\Program Files\Java\jdk-11.0.12\bin\server;C:\Users\user\.openjfx\cache\11;C:\WINDOWS\System32\DriverStore\FileRepository\iigd_dch.inf_amd64_044fd6f0c2ae28a8;C:\WINDOWS\System32\DriverStore\FileRepository\asusscreenxpertbase.inf_amd64_234295534fc9f3f0\AsusScreenXpertBase;C:\Program Files\Common Files\Microsoft Shared\Ink

VM Arguments:
java_command: climods.jar
java_class_path (initial): climods.jar
Launcher Type: SUN_STANDARD

[Global flags]
     intx CICompilerCount                          = 4                                         {product} {ergonomic}
     uint ConcGCThreads                            = 2                                         {product} {ergonomic}
     uint G1ConcRefinementThreads                  = 8                                         {product} {ergonomic}
   size_t G1HeapRegionSize                         = 1048576                                   {product} {ergonomic}
    uintx GCDrainStackTargetSize                   = 64                                        {product} {ergonomic}
   size_t InitialHeapSize                          = 266338304                                 {product} {ergonomic}
   size_t MarkStackSize                            = 4194304                                   {product} {ergonomic}
   size_t MaxHeapSize                              = 4242538496                                {product} {ergonomic}
   size_t MaxNewSize                               = 2544893952                                {product} {ergonomic}
   size_t MinHeapDeltaBytes                        = 1048576                                   {product} {ergonomic}
    uintx NonNMethodCodeHeapSize                   = 5836300                                {pd product} {ergonomic}
    uintx NonProfiledCodeHeapSize                  = 122910970                              {pd product} {ergonomic}
    uintx ProfiledCodeHeapSize                     = 122910970                              {pd product} {ergonomic}
    uintx ReservedCodeCacheSize                    = 251658240                              {pd product} {ergonomic}
     bool SegmentedCodeCache                       = true                                      {product} {ergonomic}
     bool UseCompressedClassPointers               = true                                 {lp64_product} {ergonomic}
     bool UseCompressedOops                        = true                                 {lp64_product} {ergonomic}
     bool UseG1GC                                  = true                                      {product} {ergonomic}
     bool UseLargePagesIndividualAllocation        = false                                  {pd product} {ergonomic}

Logging:
Log output configuration:
 #0: stdout all=warning uptime,level,tags
 #1: stderr all=off uptime,level,tags

Environment Variables:
PATH=C:\Program Files\PowerShell\7;C:\Program Files\7-Zip;C:\Program Files\Java\jdk-11.0.12\bin;C:\Program Files\Common Files\Oracle\Java\javapath;C:\Windows\system32;C:\Windows;C:\Windows\System32\Wbem;C:\Windows\System32\WindowsPowerShell\v1.0\;C:\Windows\System32\OpenSSH\;C:\Program Files (x86)\NVIDIA Corporation\PhysX\Common;C:\Program Files (x86)\Calibre2\;C:\Program Files (x86)\Pulse Secure\VC142.CRT\X64\;C:\Program Files (x86)\Pulse Secure\VC142.CRT\X86\;C:\WINDOWS\system32;C:\WINDOWS;C:\WINDOWS\System32\Wbem;C:\WINDOWS\System32\WindowsPowerShell\v1.0\;C:\WINDOWS\System32\OpenSSH\;C:\Program Files\Git\cmd;C:\Users\user\AppData\Local\Microsoft\WindowsApps;C:\Program Files\JetBrains\IntelliJ IDEA Community Edition 2021.3.1\bin;C:\Program Files\PowerShell\7\;C:\Program Files\dotnet\;C:\Program Files\Solidigm\Solidigm(TM) Storage Tool\;%SystemRoot%\system32;%SystemRoot%;%SystemRoot%\System32\Wbem;%SYSTEMROOT%\System32\WindowsPowerShell\v1.0\;%SYSTEMROOT%\System32\OpenSSH\;C:\Program Files\JetBrains\IntelliJ IDEA Community Edition 2022.2\bin;C:\Users\user\AppData\Roaming\TinyTeX\bin\win32;C:\Users\user\AppData\Local\Programs\Microsoft VS Code\bin
USERNAME=Rende Wong
OS=Windows_NT
PROCESSOR_IDENTIFIER=Intel64 Family 6 Model 142 Stepping 12, GenuineIntel



---------------  S Y S T E M  ---------------

OS: Windows 10 , 64 bit Build 22621 (10.0.22621.608)
Hyper-V role detected

CPU:total 8 (initial active 8) (4 cores per cpu, 2 threads per core) family 6 model 142 stepping 12 microcode 0xde, cmov, cx8, fxsr, mmx, sse, sse2, sse3, ssse3, sse4.1, sse4.2, popcnt, avx, avx2, aes, clmul, erms, 3dnowpref, lzcnt, ht, tsc, tscinvbit, bmi1, bmi2, adx, fma

Memory: 4k page, system-wide physical 16182M (3771M free)
TotalPageFile size 26509M (AvailPageFile size 4573M)
current process WorkingSet (physical memory assigned to process): 739M, peak: 748M
current process commit charge ("private bytes"): 764M, peak: 779M

vm_info: Java HotSpot(TM) 64-Bit Server VM (11.0.12+8-LTS-237) for windows-amd64 JRE (11.0.12+8-LTS-237), built on Jun  8 2021 11:25:59 by "mach5one" with MS VC++ 15.9 (VS2017)

END.
